timestamp: 2019-05-09T16:10:29.528595
CREATE TABLE "auth_user"(
    "id" INTEGER PRIMARY KEY AUTOINCREMENT,
    "first_name" CHAR(128),
    "last_name" CHAR(128),
    "email" CHAR(512),
    "password" CHAR(512),
    "registration_key" CHAR(512),
    "reset_password_key" CHAR(512),
    "registration_id" CHAR(512)
);
success!
timestamp: 2019-05-09T16:10:29.550034
CREATE TABLE "auth_group"(
    "id" INTEGER PRIMARY KEY AUTOINCREMENT,
    "role" CHAR(512),
    "description" TEXT
);
success!
timestamp: 2019-05-09T16:10:29.573570
CREATE TABLE "auth_membership"(
    "id" INTEGER PRIMARY KEY AUTOINCREMENT,
    "user_id" INTEGER REFERENCES "auth_user" ("id") ON DELETE CASCADE  ,
    "group_id" INTEGER REFERENCES "auth_group" ("id") ON DELETE CASCADE  
);
success!
timestamp: 2019-05-09T16:10:29.594447
CREATE TABLE "auth_permission"(
    "id" INTEGER PRIMARY KEY AUTOINCREMENT,
    "group_id" INTEGER REFERENCES "auth_group" ("id") ON DELETE CASCADE  ,
    "name" CHAR(512),
    "table_name" CHAR(512),
    "record_id" INTEGER
);
success!
timestamp: 2019-05-09T16:10:29.616901
CREATE TABLE "auth_event"(
    "id" INTEGER PRIMARY KEY AUTOINCREMENT,
    "time_stamp" TIMESTAMP,
    "client_ip" CHAR(512),
    "user_id" INTEGER REFERENCES "auth_user" ("id") ON DELETE CASCADE  ,
    "origin" CHAR(512),
    "description" TEXT
);
success!
timestamp: 2019-05-09T16:10:29.638774
CREATE TABLE "auth_cas"(
    "id" INTEGER PRIMARY KEY AUTOINCREMENT,
    "user_id" INTEGER REFERENCES "auth_user" ("id") ON DELETE CASCADE  ,
    "created_on" TIMESTAMP,
    "service" CHAR(512),
    "ticket" CHAR(512),
    "renew" CHAR(1)
);
success!
timestamp: 2019-05-09T16:10:29.677777
CREATE TABLE "dcategories"(
    "id" INTEGER PRIMARY KEY AUTOINCREMENT,
    "f0" CHAR(1000),
    "f1" TEXT,
    "f2" TEXT
);
success!
timestamp: 2019-05-09T16:10:29.867935
CREATE TABLE "dcategoriesform0"(
    "id" INTEGER PRIMARY KEY AUTOINCREMENT,
    "f0" CHAR(512)
);
success!
timestamp: 2019-05-09T16:10:29.889263
CREATE TABLE "dcommunity"(
    "id" INTEGER PRIMARY KEY AUTOINCREMENT,
    "f0" CHAR(1000),
    "f1" TEXT,
    "f2" TEXT
);
success!
timestamp: 2019-05-09T16:10:29.980318
CREATE TABLE "dcommunityform0"(
    "id" INTEGER PRIMARY KEY AUTOINCREMENT,
    "f0" CHAR(512)
);
success!
timestamp: 2019-05-09T16:10:30.010729
CREATE TABLE "dcontact"(
    "id" INTEGER PRIMARY KEY AUTOINCREMENT,
    "f0" CHAR(1000),
    "f1" TEXT,
    "f2" TEXT
);
success!
timestamp: 2019-05-09T16:10:30.129601
CREATE TABLE "dcontactform0"(
    "id" INTEGER PRIMARY KEY AUTOINCREMENT,
    "f0" CHAR(512),
    "f1" CHAR(512),
    "f2" CHAR(512),
    "f3" TEXT
);
success!
timestamp: 2019-05-09T16:10:30.154166
CREATE TABLE "dindex"(
    "id" INTEGER PRIMARY KEY AUTOINCREMENT,
    "f0" CHAR(1000),
    "f1" TEXT,
    "f2" TEXT
);
success!
timestamp: 2019-05-09T16:10:30.242441
CREATE TABLE "dreview"(
    "id" INTEGER PRIMARY KEY AUTOINCREMENT,
    "f0" CHAR(1000),
    "f1" TEXT,
    "f2" TEXT
);
success!
timestamp: 2019-05-09T16:10:30.332507
CREATE TABLE "dsingle0blog"(
    "id" INTEGER PRIMARY KEY AUTOINCREMENT,
    "f0" CHAR(1000),
    "f1" TEXT,
    "f2" TEXT
);
success!
timestamp: 2019-05-09T16:10:30.472318
CREATE TABLE "dsingle_blogform0"(
    "id" INTEGER PRIMARY KEY AUTOINCREMENT,
    "f0" CHAR(512),
    "f1" CHAR(512),
    "f2" CHAR(512),
    "f3" TEXT
);
success!
timestamp: 2019-05-09T16:10:30.495915
CREATE TABLE "dsingle_blogform1"(
    "id" INTEGER PRIMARY KEY AUTOINCREMENT,
    "f0" CHAR(512)
);
success!
