timestamp: 2019-06-20T12:30:47.786230
CREATE TABLE "auth_user"(
    "id" INTEGER PRIMARY KEY AUTOINCREMENT,
    "first_name" CHAR(128),
    "last_name" CHAR(128),
    "email" CHAR(512),
    "password" CHAR(512),
    "registration_key" CHAR(512),
    "reset_password_key" CHAR(512),
    "registration_id" CHAR(512)
);
success!
timestamp: 2019-06-20T12:30:47.808699
CREATE TABLE "auth_group"(
    "id" INTEGER PRIMARY KEY AUTOINCREMENT,
    "role" CHAR(512),
    "description" TEXT
);
success!
timestamp: 2019-06-20T12:30:47.827564
CREATE TABLE "auth_membership"(
    "id" INTEGER PRIMARY KEY AUTOINCREMENT,
    "user_id" INTEGER REFERENCES "auth_user" ("id") ON DELETE CASCADE  ,
    "group_id" INTEGER REFERENCES "auth_group" ("id") ON DELETE CASCADE  
);
success!
timestamp: 2019-06-20T12:30:47.847898
CREATE TABLE "auth_permission"(
    "id" INTEGER PRIMARY KEY AUTOINCREMENT,
    "group_id" INTEGER REFERENCES "auth_group" ("id") ON DELETE CASCADE  ,
    "name" CHAR(512),
    "table_name" CHAR(512),
    "record_id" INTEGER
);
success!
timestamp: 2019-06-20T12:30:47.866774
CREATE TABLE "auth_event"(
    "id" INTEGER PRIMARY KEY AUTOINCREMENT,
    "time_stamp" TIMESTAMP,
    "client_ip" CHAR(512),
    "user_id" INTEGER REFERENCES "auth_user" ("id") ON DELETE CASCADE  ,
    "origin" CHAR(512),
    "description" TEXT
);
success!
timestamp: 2019-06-20T12:30:47.884355
CREATE TABLE "auth_cas"(
    "id" INTEGER PRIMARY KEY AUTOINCREMENT,
    "user_id" INTEGER REFERENCES "auth_user" ("id") ON DELETE CASCADE  ,
    "created_on" TIMESTAMP,
    "service" CHAR(512),
    "ticket" CHAR(512),
    "renew" CHAR(1)
);
success!
timestamp: 2019-06-20T12:30:47.904329
CREATE TABLE "dblank"(
    "id" INTEGER PRIMARY KEY AUTOINCREMENT,
    "f0" CHAR(1000),
    "f1" TEXT,
    "f2" TEXT
);
success!
timestamp: 2019-06-20T12:30:47.956552
CREATE TABLE "dblankform0"(
    "id" INTEGER PRIMARY KEY AUTOINCREMENT,
    "f0" CHAR(512)
);
success!
timestamp: 2019-06-20T12:30:47.977472
CREATE TABLE "dbuttons"(
    "id" INTEGER PRIMARY KEY AUTOINCREMENT,
    "f0" CHAR(1000),
    "f1" TEXT,
    "f2" TEXT
);
success!
timestamp: 2019-06-20T12:30:48.046172
CREATE TABLE "dbuttonsform0"(
    "id" INTEGER PRIMARY KEY AUTOINCREMENT,
    "f0" CHAR(512)
);
success!
timestamp: 2019-06-20T12:30:48.067967
CREATE TABLE "dcalendar"(
    "id" INTEGER PRIMARY KEY AUTOINCREMENT,
    "f0" CHAR(1000),
    "f1" TEXT,
    "f2" TEXT
);
success!
timestamp: 2019-06-20T12:30:48.111900
CREATE TABLE "dcalendarform0"(
    "id" INTEGER PRIMARY KEY AUTOINCREMENT,
    "f0" CHAR(512)
);
success!
timestamp: 2019-06-20T12:30:48.130731
CREATE TABLE "dcontent0slider"(
    "id" INTEGER PRIMARY KEY AUTOINCREMENT,
    "f0" CHAR(1000),
    "f1" TEXT,
    "f2" TEXT
);
success!
timestamp: 2019-06-20T12:30:48.173690
CREATE TABLE "dcontentIIsliderform0"(
    "id" INTEGER PRIMARY KEY AUTOINCREMENT,
    "f0" CHAR(512)
);
success!
timestamp: 2019-06-20T12:30:48.193050
CREATE TABLE "ddropzone"(
    "id" INTEGER PRIMARY KEY AUTOINCREMENT,
    "f0" CHAR(1000),
    "f1" TEXT,
    "f2" TEXT
);
success!
timestamp: 2019-06-20T12:30:48.233788
CREATE TABLE "ddropzoneform0"(
    "id" INTEGER PRIMARY KEY AUTOINCREMENT,
    "f0" CHAR(512)
);
success!
timestamp: 2019-06-20T12:30:48.251838
CREATE TABLE "ddropzoneform1"(
    "id" INTEGER PRIMARY KEY AUTOINCREMENT,
    "f0" CHAR(512)
);
success!
timestamp: 2019-06-20T12:30:48.272677
CREATE TABLE "delements"(
    "id" INTEGER PRIMARY KEY AUTOINCREMENT,
    "f0" CHAR(1000),
    "f1" TEXT,
    "f2" TEXT
);
success!
timestamp: 2019-06-20T12:30:48.336577
CREATE TABLE "delementsform0"(
    "id" INTEGER PRIMARY KEY AUTOINCREMENT,
    "f0" CHAR(512)
);
success!
timestamp: 2019-06-20T12:30:48.353990
CREATE TABLE "delementsform1"(
    "id" INTEGER PRIMARY KEY AUTOINCREMENT,
    "f0" CHAR(512),
    "f1" CHAR(512),
    "f2" CHAR(512),
    "f3" CHAR(512),
    "f4" CHAR(512),
    "f5" CHAR(512),
    "f6" CHAR(512),
    "f7" CHAR(512)
);
success!
timestamp: 2019-06-20T12:30:48.373907
CREATE TABLE "demail"(
    "id" INTEGER PRIMARY KEY AUTOINCREMENT,
    "f0" CHAR(1000),
    "f1" TEXT,
    "f2" TEXT
);
success!
timestamp: 2019-06-20T12:30:48.412897
CREATE TABLE "demail0confirmation"(
    "id" INTEGER PRIMARY KEY AUTOINCREMENT,
    "f0" CHAR(1000),
    "f1" TEXT,
    "f2" TEXT
);
success!
timestamp: 2019-06-20T12:30:48.445024
CREATE TABLE "demail0contrast"(
    "id" INTEGER PRIMARY KEY AUTOINCREMENT,
    "f0" CHAR(1000),
    "f1" TEXT,
    "f2" TEXT
);
success!
timestamp: 2019-06-20T12:30:48.479895
CREATE TABLE "demail0navbar"(
    "id" INTEGER PRIMARY KEY AUTOINCREMENT,
    "f0" CHAR(1000),
    "f1" TEXT,
    "f2" TEXT
);
success!
timestamp: 2019-06-20T12:30:48.518793
CREATE TABLE "demail0newsletter"(
    "id" INTEGER PRIMARY KEY AUTOINCREMENT,
    "f0" CHAR(1000),
    "f1" TEXT,
    "f2" TEXT
);
success!
timestamp: 2019-06-20T12:30:48.557789
CREATE TABLE "demailform0"(
    "id" INTEGER PRIMARY KEY AUTOINCREMENT,
    "f0" CHAR(512)
);
success!
timestamp: 2019-06-20T12:30:48.579020
CREATE TABLE "derror0404"(
    "id" INTEGER PRIMARY KEY AUTOINCREMENT,
    "f0" CHAR(1000),
    "f1" TEXT,
    "f2" TEXT
);
success!
timestamp: 2019-06-20T12:30:48.622086
CREATE TABLE "derror0500"(
    "id" INTEGER PRIMARY KEY AUTOINCREMENT,
    "f0" CHAR(1000),
    "f1" TEXT,
    "f2" TEXT
);
success!
timestamp: 2019-06-20T12:30:48.661572
CREATE TABLE "derrorII404form0"(
    "id" INTEGER PRIMARY KEY AUTOINCREMENT,
    "f0" CHAR(512)
);
success!
timestamp: 2019-06-20T12:30:48.682155
CREATE TABLE "derrorII404form1"(
    "id" INTEGER PRIMARY KEY AUTOINCREMENT,
    "f0" CHAR(512)
);
success!
timestamp: 2019-06-20T12:30:48.702463
CREATE TABLE "derrorII500form0"(
    "id" INTEGER PRIMARY KEY AUTOINCREMENT,
    "f0" CHAR(512)
);
success!
timestamp: 2019-06-20T12:30:48.723895
CREATE TABLE "dfaq"(
    "id" INTEGER PRIMARY KEY AUTOINCREMENT,
    "f0" CHAR(1000),
    "f1" TEXT,
    "f2" TEXT
);
success!
timestamp: 2019-06-20T12:30:48.765568
CREATE TABLE "dfaqform0"(
    "id" INTEGER PRIMARY KEY AUTOINCREMENT,
    "f0" CHAR(512)
);
success!
timestamp: 2019-06-20T12:30:48.790142
CREATE TABLE "dform0elements"(
    "id" INTEGER PRIMARY KEY AUTOINCREMENT,
    "f0" CHAR(1000),
    "f1" TEXT,
    "f2" TEXT
);
success!
timestamp: 2019-06-20T12:30:48.842021
CREATE TABLE "dform0elements02"(
    "id" INTEGER PRIMARY KEY AUTOINCREMENT,
    "f0" CHAR(1000),
    "f1" TEXT,
    "f2" TEXT
);
success!
timestamp: 2019-06-20T12:30:48.888941
CREATE TABLE "dform0wizard"(
    "id" INTEGER PRIMARY KEY AUTOINCREMENT,
    "f0" CHAR(1000),
    "f1" TEXT,
    "f2" TEXT
);
success!
timestamp: 2019-06-20T12:30:48.937627
CREATE TABLE "dformIIelementsII2form0"(
    "id" INTEGER PRIMARY KEY AUTOINCREMENT,
    "f0" CHAR(512)
);
success!
timestamp: 2019-06-20T12:30:48.959644
CREATE TABLE "dformIIelementsII2form1"(
    "id" INTEGER PRIMARY KEY AUTOINCREMENT,
    "f0" CHAR(512),
    "f1" CHAR(512),
    "f2" CHAR(512),
    "f3" CHAR(512)
);
success!
timestamp: 2019-06-20T12:30:48.980337
CREATE TABLE "dformIIelementsform0"(
    "id" INTEGER PRIMARY KEY AUTOINCREMENT,
    "f0" CHAR(512)
);
success!
timestamp: 2019-06-20T12:30:49.005303
CREATE TABLE "dformIIelementsform1"(
    "id" INTEGER PRIMARY KEY AUTOINCREMENT,
    "f0" CHAR(512),
    "f1" CHAR(512),
    "f2" CHAR(512),
    "f3" CHAR(512),
    "f4" CHAR(1),
    "f5" CHAR(512),
    "f6" CHAR(512),
    "f7" CHAR(512),
    "f8" CHAR(512),
    "f9" CHAR(512),
    "f10" CHAR(512),
    "f11" CHAR(512),
    "f12" CHAR(512),
    "f13" CHAR(512),
    "f14" CHAR(512),
    "f15" CHAR(1),
    "f16" CHAR(1),
    "f17" CHAR(1),
    "f18" CHAR(1),
    "f19" CHAR(1),
    "f20" CHAR(1),
    "f21" CHAR(1),
    "f22" CHAR(1),
    "f23" CHAR(1),
    "f24" CHAR(1),
    "f25" CHAR(1),
    "f26" CHAR(1),
    "f27" CHAR(1),
    "f28" CHAR(1),
    "f29" CHAR(1),
    "f30" CHAR(1),
    "f31" CHAR(1),
    "f32" CHAR(512),
    "f33" CHAR(512),
    "f34" CHAR(1),
    "f35" CHAR(512),
    "f36" CHAR(512),
    "f37" CHAR(512),
    "f38" CHAR(512),
    "f39" CHAR(512),
    "f40" CHAR(512),
    "f41" CHAR(512),
    "f42" CHAR(512),
    "f43" CHAR(512),
    "f44" CHAR(512),
    "f45" CHAR(512),
    "f46" CHAR(512),
    "f47" CHAR(512),
    "f48" CHAR(512),
    "f49" TEXT,
    "f50" TEXT,
    "f51" TEXT,
    "f52" CHAR(512),
    "f53" CHAR(512),
    "f54" CHAR(512),
    "f55" CHAR(512),
    "f56" CHAR(512)
);
success!
timestamp: 2019-06-20T12:30:49.032872
CREATE TABLE "dformIIelementsform2"(
    "id" INTEGER PRIMARY KEY AUTOINCREMENT,
    "f0" CHAR(512),
    "f1" CHAR(1)
);
success!
timestamp: 2019-06-20T12:30:49.053450
CREATE TABLE "dformIIelementsform3"(
    "id" INTEGER PRIMARY KEY AUTOINCREMENT,
    "f0" CHAR(512),
    "f1" CHAR(512),
    "f2" CHAR(1)
);
success!
timestamp: 2019-06-20T12:30:49.073426
CREATE TABLE "dformIIelementsform4"(
    "id" INTEGER PRIMARY KEY AUTOINCREMENT,
    "f0" CHAR(512),
    "f1" CHAR(512),
    "f2" CHAR(512)
);
success!
timestamp: 2019-06-20T12:30:49.094751
CREATE TABLE "dformIIwizardform0"(
    "id" INTEGER PRIMARY KEY AUTOINCREMENT,
    "f0" CHAR(512)
);
success!
timestamp: 2019-06-20T12:30:49.116809
CREATE TABLE "dformIIwizardform1"(
    "id" INTEGER PRIMARY KEY AUTOINCREMENT,
    "f0" CHAR(512),
    "f1" CHAR(512),
    "f2" CHAR(512),
    "f3" CHAR(512),
    "f4" CHAR(512)
);
success!
timestamp: 2019-06-20T12:30:49.139368
CREATE TABLE "dformIIwizardform2"(
    "id" INTEGER PRIMARY KEY AUTOINCREMENT,
    "f0" CHAR(512),
    "f1" CHAR(512),
    "f2" CHAR(512),
    "f3" CHAR(512),
    "f4" CHAR(512),
    "f5" CHAR(512),
    "f6" CHAR(1),
    "f7" CHAR(1),
    "f8" CHAR(512),
    "f9" CHAR(1),
    "f10" TEXT,
    "f11" CHAR(512),
    "f12" CHAR(512)
);
success!
timestamp: 2019-06-20T12:30:49.160814
CREATE TABLE "dgallery"(
    "id" INTEGER PRIMARY KEY AUTOINCREMENT,
    "f0" CHAR(1000),
    "f1" TEXT,
    "f2" TEXT
);
success!
timestamp: 2019-06-20T12:30:49.203370
CREATE TABLE "dgalleryform0"(
    "id" INTEGER PRIMARY KEY AUTOINCREMENT,
    "f0" CHAR(512)
);
success!
timestamp: 2019-06-20T12:30:49.229565
CREATE TABLE "dgrid"(
    "id" INTEGER PRIMARY KEY AUTOINCREMENT,
    "f0" CHAR(1000),
    "f1" TEXT,
    "f2" TEXT
);
success!
timestamp: 2019-06-20T12:30:49.276808
CREATE TABLE "dgridform0"(
    "id" INTEGER PRIMARY KEY AUTOINCREMENT,
    "f0" CHAR(512)
);
success!
timestamp: 2019-06-20T12:30:49.298953
CREATE TABLE "dinbox"(
    "id" INTEGER PRIMARY KEY AUTOINCREMENT,
    "f0" CHAR(1000),
    "f1" TEXT,
    "f2" TEXT
);
success!
timestamp: 2019-06-20T12:30:49.351717
CREATE TABLE "dinboxform0"(
    "id" INTEGER PRIMARY KEY AUTOINCREMENT,
    "f0" CHAR(512)
);
success!
timestamp: 2019-06-20T12:30:49.378624
CREATE TABLE "dinboxform1"(
    "id" INTEGER PRIMARY KEY AUTOINCREMENT,
    "f0" CHAR(512)
);
success!
timestamp: 2019-06-20T12:30:49.400394
CREATE TABLE "dinboxform2"(
    "id" INTEGER PRIMARY KEY AUTOINCREMENT,
    "f0" CHAR(512),
    "f1" CHAR(512),
    "f2" CHAR(512)
);
success!
timestamp: 2019-06-20T12:30:49.423854
CREATE TABLE "dindex"(
    "id" INTEGER PRIMARY KEY AUTOINCREMENT,
    "f0" CHAR(1000),
    "f1" TEXT,
    "f2" TEXT
);
success!
timestamp: 2019-06-20T12:30:49.480581
CREATE TABLE "dindexform0"(
    "id" INTEGER PRIMARY KEY AUTOINCREMENT,
    "f0" CHAR(512)
);
success!
timestamp: 2019-06-20T12:30:49.500634
CREATE TABLE "dindexform1"(
    "id" INTEGER PRIMARY KEY AUTOINCREMENT,
    "f0" CHAR(512)
);
success!
timestamp: 2019-06-20T12:30:49.526354
CREATE TABLE "dinvoice"(
    "id" INTEGER PRIMARY KEY AUTOINCREMENT,
    "f0" CHAR(1000),
    "f1" TEXT,
    "f2" TEXT
);
success!
timestamp: 2019-06-20T12:30:49.567846
CREATE TABLE "dinvoiceform0"(
    "id" INTEGER PRIMARY KEY AUTOINCREMENT,
    "f0" CHAR(512)
);
success!
timestamp: 2019-06-20T12:30:49.589351
CREATE TABLE "djqgrid"(
    "id" INTEGER PRIMARY KEY AUTOINCREMENT,
    "f0" CHAR(1000),
    "f1" TEXT,
    "f2" TEXT
);
success!
timestamp: 2019-06-20T12:30:49.631607
CREATE TABLE "djqgridform0"(
    "id" INTEGER PRIMARY KEY AUTOINCREMENT,
    "f0" CHAR(512)
);
success!
timestamp: 2019-06-20T12:30:49.660413
CREATE TABLE "djquery0ui"(
    "id" INTEGER PRIMARY KEY AUTOINCREMENT,
    "f0" CHAR(1000),
    "f1" TEXT,
    "f2" TEXT
);
success!
timestamp: 2019-06-20T12:30:49.708415
CREATE TABLE "djqueryIIuiform0"(
    "id" INTEGER PRIMARY KEY AUTOINCREMENT,
    "f0" CHAR(512)
);
success!
timestamp: 2019-06-20T12:30:49.727771
CREATE TABLE "dlogin"(
    "id" INTEGER PRIMARY KEY AUTOINCREMENT,
    "f0" CHAR(1000),
    "f1" TEXT,
    "f2" TEXT
);
success!
timestamp: 2019-06-20T12:30:49.767495
CREATE TABLE "dloginform0"(
    "id" INTEGER PRIMARY KEY AUTOINCREMENT,
    "f0" CHAR(512),
    "f1" CHAR(512),
    "f2" CHAR(1)
);
success!
timestamp: 2019-06-20T12:30:49.789673
CREATE TABLE "dloginform1"(
    "id" INTEGER PRIMARY KEY AUTOINCREMENT,
    "f0" CHAR(512)
);
success!
timestamp: 2019-06-20T12:30:49.812401
CREATE TABLE "dloginform2"(
    "id" INTEGER PRIMARY KEY AUTOINCREMENT,
    "f0" CHAR(512),
    "f1" CHAR(512),
    "f2" CHAR(512),
    "f3" CHAR(512),
    "f4" CHAR(1)
);
success!
timestamp: 2019-06-20T12:30:49.834090
CREATE TABLE "dmobile0menu01"(
    "id" INTEGER PRIMARY KEY AUTOINCREMENT,
    "f0" CHAR(1000),
    "f1" TEXT,
    "f2" TEXT
);
success!
timestamp: 2019-06-20T12:30:49.875036
CREATE TABLE "dmobile0menu02"(
    "id" INTEGER PRIMARY KEY AUTOINCREMENT,
    "f0" CHAR(1000),
    "f1" TEXT,
    "f2" TEXT
);
success!
timestamp: 2019-06-20T12:30:49.914594
CREATE TABLE "dmobile0menu03"(
    "id" INTEGER PRIMARY KEY AUTOINCREMENT,
    "f0" CHAR(1000),
    "f1" TEXT,
    "f2" TEXT
);
success!
timestamp: 2019-06-20T12:30:49.955347
CREATE TABLE "dmobileIImenuII1form0"(
    "id" INTEGER PRIMARY KEY AUTOINCREMENT,
    "f0" CHAR(512)
);
success!
timestamp: 2019-06-20T12:30:49.978408
CREATE TABLE "dmobileIImenuII2form0"(
    "id" INTEGER PRIMARY KEY AUTOINCREMENT,
    "f0" CHAR(512)
);
success!
timestamp: 2019-06-20T12:30:49.999183
CREATE TABLE "dmobileIImenuII3form0"(
    "id" INTEGER PRIMARY KEY AUTOINCREMENT,
    "f0" CHAR(512)
);
success!
timestamp: 2019-06-20T12:30:50.029308
CREATE TABLE "dnestable0list"(
    "id" INTEGER PRIMARY KEY AUTOINCREMENT,
    "f0" CHAR(1000),
    "f1" TEXT,
    "f2" TEXT
);
success!
timestamp: 2019-06-20T12:30:50.073765
CREATE TABLE "dnestableIIlistform0"(
    "id" INTEGER PRIMARY KEY AUTOINCREMENT,
    "f0" CHAR(512)
);
success!
timestamp: 2019-06-20T12:30:50.098696
CREATE TABLE "dpricing"(
    "id" INTEGER PRIMARY KEY AUTOINCREMENT,
    "f0" CHAR(1000),
    "f1" TEXT,
    "f2" TEXT
);
success!
timestamp: 2019-06-20T12:30:50.151127
CREATE TABLE "dpricingform0"(
    "id" INTEGER PRIMARY KEY AUTOINCREMENT,
    "f0" CHAR(512)
);
success!
timestamp: 2019-06-20T12:30:50.176257
CREATE TABLE "dprofile"(
    "id" INTEGER PRIMARY KEY AUTOINCREMENT,
    "f0" CHAR(1000),
    "f1" TEXT,
    "f2" TEXT
);
success!
timestamp: 2019-06-20T12:30:50.285059
CREATE TABLE "dprofileform0"(
    "id" INTEGER PRIMARY KEY AUTOINCREMENT,
    "f0" CHAR(512)
);
success!
timestamp: 2019-06-20T12:30:50.311337
CREATE TABLE "dprofileform1"(
    "id" INTEGER PRIMARY KEY AUTOINCREMENT,
    "f0" CHAR(512),
    "f1" CHAR(512),
    "f2" CHAR(512),
    "f3" CHAR(512),
    "f4" CHAR(512),
    "f5" CHAR(512),
    "f6" CHAR(512),
    "f7" CHAR(512),
    "f8" CHAR(512),
    "f9" CHAR(512),
    "f10" CHAR(512),
    "f11" CHAR(1),
    "f12" CHAR(1),
    "f13" CHAR(1),
    "f14" CHAR(512),
    "f15" CHAR(512),
    "f16" CHAR(512),
    "f17" TEXT
);
success!
timestamp: 2019-06-20T12:30:50.337424
CREATE TABLE "dsearch"(
    "id" INTEGER PRIMARY KEY AUTOINCREMENT,
    "f0" CHAR(1000),
    "f1" TEXT,
    "f2" TEXT
);
success!
timestamp: 2019-06-20T12:30:50.389558
CREATE TABLE "dsearchform0"(
    "id" INTEGER PRIMARY KEY AUTOINCREMENT,
    "f0" CHAR(512)
);
success!
timestamp: 2019-06-20T12:30:50.407831
CREATE TABLE "dsearchform1"(
    "id" INTEGER PRIMARY KEY AUTOINCREMENT,
    "f0" CHAR(512)
);
success!
timestamp: 2019-06-20T12:30:50.429045
CREATE TABLE "dsearchform2"(
    "id" INTEGER PRIMARY KEY AUTOINCREMENT,
    "f0" CHAR(512)
);
success!
timestamp: 2019-06-20T12:30:50.451233
CREATE TABLE "dtables"(
    "id" INTEGER PRIMARY KEY AUTOINCREMENT,
    "f0" CHAR(1000),
    "f1" TEXT,
    "f2" TEXT
);
success!
timestamp: 2019-06-20T12:30:50.516458
CREATE TABLE "dtablesform0"(
    "id" INTEGER PRIMARY KEY AUTOINCREMENT,
    "f0" CHAR(512)
);
success!
timestamp: 2019-06-20T12:30:50.536707
CREATE TABLE "dtablesform1"(
    "id" INTEGER PRIMARY KEY AUTOINCREMENT,
    "f0" CHAR(1),
    "f1" TEXT
);
success!
timestamp: 2019-06-20T12:30:50.557442
CREATE TABLE "dtablesform2"(
    "id" INTEGER PRIMARY KEY AUTOINCREMENT,
    "f0" CHAR(1),
    "f1" TEXT
);
success!
timestamp: 2019-06-20T12:30:50.578292
CREATE TABLE "dtablesform3"(
    "id" INTEGER PRIMARY KEY AUTOINCREMENT,
    "f0" CHAR(1),
    "f1" TEXT
);
success!
timestamp: 2019-06-20T12:30:50.597536
CREATE TABLE "dtablesform4"(
    "id" INTEGER PRIMARY KEY AUTOINCREMENT,
    "f0" CHAR(1),
    "f1" TEXT
);
success!
timestamp: 2019-06-20T12:30:50.618323
CREATE TABLE "dtablesform5"(
    "id" INTEGER PRIMARY KEY AUTOINCREMENT,
    "f0" CHAR(1),
    "f1" TEXT
);
success!
timestamp: 2019-06-20T12:30:50.639592
CREATE TABLE "dtimeline"(
    "id" INTEGER PRIMARY KEY AUTOINCREMENT,
    "f0" CHAR(1000),
    "f1" TEXT,
    "f2" TEXT
);
success!
timestamp: 2019-06-20T12:30:50.684505
CREATE TABLE "dtimelineform0"(
    "id" INTEGER PRIMARY KEY AUTOINCREMENT,
    "f0" CHAR(512)
);
success!
timestamp: 2019-06-20T12:30:50.703607
CREATE TABLE "dtop0menu"(
    "id" INTEGER PRIMARY KEY AUTOINCREMENT,
    "f0" CHAR(1000),
    "f1" TEXT,
    "f2" TEXT
);
success!
timestamp: 2019-06-20T12:30:50.748557
CREATE TABLE "dtopIImenuform0"(
    "id" INTEGER PRIMARY KEY AUTOINCREMENT,
    "f0" CHAR(512)
);
success!
timestamp: 2019-06-20T12:30:50.770805
CREATE TABLE "dtreeview"(
    "id" INTEGER PRIMARY KEY AUTOINCREMENT,
    "f0" CHAR(1000),
    "f1" TEXT,
    "f2" TEXT
);
success!
timestamp: 2019-06-20T12:30:50.813657
CREATE TABLE "dtreeviewform0"(
    "id" INTEGER PRIMARY KEY AUTOINCREMENT,
    "f0" CHAR(512)
);
success!
timestamp: 2019-06-20T12:30:50.832848
CREATE TABLE "dtwo0menu01"(
    "id" INTEGER PRIMARY KEY AUTOINCREMENT,
    "f0" CHAR(1000),
    "f1" TEXT,
    "f2" TEXT
);
success!
timestamp: 2019-06-20T12:30:50.871962
CREATE TABLE "dtwo0menu02"(
    "id" INTEGER PRIMARY KEY AUTOINCREMENT,
    "f0" CHAR(1000),
    "f1" TEXT,
    "f2" TEXT
);
success!
timestamp: 2019-06-20T12:30:50.909165
CREATE TABLE "dtwoIImenuII2form0"(
    "id" INTEGER PRIMARY KEY AUTOINCREMENT,
    "f0" CHAR(512)
);
success!
timestamp: 2019-06-20T12:30:50.929675
CREATE TABLE "dtypography"(
    "id" INTEGER PRIMARY KEY AUTOINCREMENT,
    "f0" CHAR(1000),
    "f1" TEXT,
    "f2" TEXT
);
success!
timestamp: 2019-06-20T12:30:50.973776
CREATE TABLE "dtypographyform0"(
    "id" INTEGER PRIMARY KEY AUTOINCREMENT,
    "f0" CHAR(512)
);
success!
timestamp: 2019-06-20T12:30:50.997426
CREATE TABLE "dwidgets"(
    "id" INTEGER PRIMARY KEY AUTOINCREMENT,
    "f0" CHAR(1000),
    "f1" TEXT,
    "f2" TEXT
);
success!
timestamp: 2019-06-20T12:30:51.043100
CREATE TABLE "dwidgetsform0"(
    "id" INTEGER PRIMARY KEY AUTOINCREMENT,
    "f0" CHAR(512)
);
success!
timestamp: 2019-06-20T12:30:51.064319
CREATE TABLE "dwysiwyg"(
    "id" INTEGER PRIMARY KEY AUTOINCREMENT,
    "f0" CHAR(1000),
    "f1" TEXT,
    "f2" TEXT
);
success!
timestamp: 2019-06-20T12:30:51.112948
CREATE TABLE "dwysiwygform0"(
    "id" INTEGER PRIMARY KEY AUTOINCREMENT,
    "f0" CHAR(512)
);
success!
timestamp: 2019-06-20T12:30:51.133604
CREATE TABLE "widgetstable0"(
    "id" INTEGER PRIMARY KEY AUTOINCREMENT,
    "f0" CHAR(512),
    "f1" CHAR(512),
    "f2" CHAR(512),
    "f3" CHAR(512),
    "f4" CHAR(512),
    "f5" CHAR(512),
    "f6" CHAR(512),
    "f7" CHAR(512)
);
success!
timestamp: 2019-06-20T12:30:51.160020
CREATE TABLE "tablestable0"(
    "id" INTEGER PRIMARY KEY AUTOINCREMENT,
    "f0" CHAR(512),
    "f1" CHAR(512),
    "f2" CHAR(512),
    "f3" CHAR(512),
    "f4" CHAR(512),
    "f5" CHAR(512),
    "f6" CHAR(512),
    "f7" CHAR(512),
    "f8" CHAR(512),
    "f9" CHAR(512)
);
success!
timestamp: 2019-06-20T12:30:51.197630
CREATE TABLE "tablestable1"(
    "id" INTEGER PRIMARY KEY AUTOINCREMENT,
    "f0" CHAR(512),
    "f1" CHAR(512),
    "f2" CHAR(512),
    "f3" CHAR(512),
    "f4" CHAR(512),
    "f5" CHAR(512),
    "f6" CHAR(512),
    "f7" CHAR(512),
    "f8" CHAR(512)
);
success!
timestamp: 2019-06-20T12:30:51.241002
CREATE TABLE "tablestable2"(
    "id" INTEGER PRIMARY KEY AUTOINCREMENT,
    "f0" CHAR(512),
    "f1" CHAR(512),
    "f2" CHAR(512),
    "f3" CHAR(512),
    "f4" CHAR(512),
    "f5" CHAR(512),
    "f6" CHAR(512)
);
success!
timestamp: 2019-06-20T12:30:51.276204
CREATE TABLE "indextable0"(
    "id" INTEGER PRIMARY KEY AUTOINCREMENT,
    "f0" CHAR(512),
    "f1" CHAR(512),
    "f2" CHAR(512),
    "f3" CHAR(512),
    "f4" CHAR(512),
    "f5" CHAR(512),
    "f6" CHAR(512),
    "f7" CHAR(512),
    "f8" CHAR(512)
);
success!
timestamp: 2019-06-20T12:30:51.311695
CREATE TABLE "invoicetable0"(
    "id" INTEGER PRIMARY KEY AUTOINCREMENT,
    "f0" CHAR(512),
    "f1" CHAR(512),
    "f2" CHAR(512),
    "f3" CHAR(512),
    "f4" CHAR(512)
);
success!
