timestamp: 2019-05-11T08:36:13.892704
CREATE TABLE "auth_user"(
    "id" INTEGER PRIMARY KEY AUTOINCREMENT,
    "first_name" CHAR(128),
    "last_name" CHAR(128),
    "email" CHAR(512),
    "password" CHAR(512),
    "registration_key" CHAR(512),
    "reset_password_key" CHAR(512),
    "registration_id" CHAR(512)
);
success!
timestamp: 2019-05-11T08:36:13.958109
CREATE TABLE "auth_group"(
    "id" INTEGER PRIMARY KEY AUTOINCREMENT,
    "role" CHAR(512),
    "description" TEXT
);
success!
timestamp: 2019-05-11T08:36:13.984080
CREATE TABLE "auth_membership"(
    "id" INTEGER PRIMARY KEY AUTOINCREMENT,
    "user_id" INTEGER REFERENCES "auth_user" ("id") ON DELETE CASCADE  ,
    "group_id" INTEGER REFERENCES "auth_group" ("id") ON DELETE CASCADE  
);
success!
timestamp: 2019-05-11T08:36:14.007482
CREATE TABLE "auth_permission"(
    "id" INTEGER PRIMARY KEY AUTOINCREMENT,
    "group_id" INTEGER REFERENCES "auth_group" ("id") ON DELETE CASCADE  ,
    "name" CHAR(512),
    "table_name" CHAR(512),
    "record_id" INTEGER
);
success!
timestamp: 2019-05-11T08:36:14.033163
CREATE TABLE "auth_event"(
    "id" INTEGER PRIMARY KEY AUTOINCREMENT,
    "time_stamp" TIMESTAMP,
    "client_ip" CHAR(512),
    "user_id" INTEGER REFERENCES "auth_user" ("id") ON DELETE CASCADE  ,
    "origin" CHAR(512),
    "description" TEXT
);
success!
timestamp: 2019-05-11T08:36:14.058914
CREATE TABLE "auth_cas"(
    "id" INTEGER PRIMARY KEY AUTOINCREMENT,
    "user_id" INTEGER REFERENCES "auth_user" ("id") ON DELETE CASCADE  ,
    "created_on" TIMESTAMP,
    "service" CHAR(512),
    "ticket" CHAR(512),
    "renew" CHAR(1)
);
success!
timestamp: 2019-05-11T08:36:14.082632
CREATE TABLE "d404"(
    "id" INTEGER PRIMARY KEY AUTOINCREMENT,
    "f0" CHAR(1000),
    "f1" TEXT,
    "f2" TEXT
);
success!
timestamp: 2019-05-11T08:36:14.129444
CREATE TABLE "dX404form0"(
    "id" INTEGER PRIMARY KEY AUTOINCREMENT,
    "f0" CHAR(512)
);
success!
timestamp: 2019-05-11T08:36:14.151623
CREATE TABLE "dblank"(
    "id" INTEGER PRIMARY KEY AUTOINCREMENT,
    "f0" CHAR(1000),
    "f1" TEXT,
    "f2" TEXT
);
success!
timestamp: 2019-05-11T08:36:14.196822
CREATE TABLE "dblankform0"(
    "id" INTEGER PRIMARY KEY AUTOINCREMENT,
    "f0" CHAR(512)
);
success!
timestamp: 2019-05-11T08:36:14.218783
CREATE TABLE "dcharts"(
    "id" INTEGER PRIMARY KEY AUTOINCREMENT,
    "f0" CHAR(1000),
    "f1" TEXT,
    "f2" TEXT
);
success!
timestamp: 2019-05-11T08:36:14.269170
CREATE TABLE "dchartsform0"(
    "id" INTEGER PRIMARY KEY AUTOINCREMENT,
    "f0" CHAR(512)
);
success!
timestamp: 2019-05-11T08:36:14.290233
CREATE TABLE "dforgot0password"(
    "id" INTEGER PRIMARY KEY AUTOINCREMENT,
    "f0" CHAR(1000),
    "f1" TEXT,
    "f2" TEXT
);
success!
timestamp: 2019-05-11T08:36:14.333551
CREATE TABLE "dforgot_passwordform0"(
    "id" INTEGER PRIMARY KEY AUTOINCREMENT,
    "f0" CHAR(512)
);
success!
timestamp: 2019-05-11T08:36:14.357540
CREATE TABLE "dindex"(
    "id" INTEGER PRIMARY KEY AUTOINCREMENT,
    "f0" CHAR(1000),
    "f1" TEXT,
    "f2" TEXT
);
success!
timestamp: 2019-05-11T08:36:14.421394
CREATE TABLE "dindexform0"(
    "id" INTEGER PRIMARY KEY AUTOINCREMENT,
    "f0" CHAR(512)
);
success!
timestamp: 2019-05-11T08:36:14.447116
CREATE TABLE "dlogin"(
    "id" INTEGER PRIMARY KEY AUTOINCREMENT,
    "f0" CHAR(1000),
    "f1" TEXT,
    "f2" TEXT
);
success!
timestamp: 2019-05-11T08:36:14.497656
CREATE TABLE "dloginform0"(
    "id" INTEGER PRIMARY KEY AUTOINCREMENT,
    "f0" CHAR(512),
    "f1" CHAR(512),
    "f2" CHAR(1)
);
success!
timestamp: 2019-05-11T08:36:14.520686
CREATE TABLE "dregister"(
    "id" INTEGER PRIMARY KEY AUTOINCREMENT,
    "f0" CHAR(1000),
    "f1" TEXT,
    "f2" TEXT
);
success!
timestamp: 2019-05-11T08:36:14.568931
CREATE TABLE "dregisterform0"(
    "id" INTEGER PRIMARY KEY AUTOINCREMENT,
    "f0" CHAR(512),
    "f1" CHAR(512),
    "f2" CHAR(512),
    "f3" CHAR(512),
    "f4" CHAR(512)
);
success!
timestamp: 2019-05-11T08:36:14.594772
CREATE TABLE "dtables"(
    "id" INTEGER PRIMARY KEY AUTOINCREMENT,
    "f0" CHAR(1000),
    "f1" TEXT,
    "f2" TEXT
);
success!
timestamp: 2019-05-11T08:36:14.655843
CREATE TABLE "dtablesform0"(
    "id" INTEGER PRIMARY KEY AUTOINCREMENT,
    "f0" CHAR(512)
);
success!
timestamp: 2019-05-11T08:36:14.685693
CREATE TABLE "indextable0"(
    "id" INTEGER PRIMARY KEY AUTOINCREMENT,
    "f0" CHAR(512),
    "f1" CHAR(512),
    "f2" CHAR(512),
    "f3" CHAR(512),
    "f4" CHAR(512),
    "f5" CHAR(512)
);
success!
timestamp: 2019-05-11T08:36:14.726649
CREATE TABLE "tablestable0"(
    "id" INTEGER PRIMARY KEY AUTOINCREMENT,
    "f0" CHAR(512),
    "f1" CHAR(512),
    "f2" CHAR(512),
    "f3" CHAR(512),
    "f4" CHAR(512),
    "f5" CHAR(512)
);
success!
