timestamp: 2020-01-27T16:34:26.999596
CREATE TABLE "auth_user"(
    "id" INTEGER PRIMARY KEY AUTOINCREMENT,
    "first_name" CHAR(128),
    "last_name" CHAR(128),
    "email" CHAR(512),
    "password" CHAR(512),
    "registration_key" CHAR(512),
    "reset_password_key" CHAR(512),
    "registration_id" CHAR(512)
);
success!
timestamp: 2020-01-27T16:34:27.052785
CREATE TABLE "auth_group"(
    "id" INTEGER PRIMARY KEY AUTOINCREMENT,
    "role" CHAR(512),
    "description" TEXT
);
success!
timestamp: 2020-01-27T16:34:27.095889
CREATE TABLE "auth_membership"(
    "id" INTEGER PRIMARY KEY AUTOINCREMENT,
    "user_id" INTEGER REFERENCES "auth_user" ("id") ON DELETE CASCADE  ,
    "group_id" INTEGER REFERENCES "auth_group" ("id") ON DELETE CASCADE  
);
success!
timestamp: 2020-01-27T16:34:27.175407
CREATE TABLE "auth_permission"(
    "id" INTEGER PRIMARY KEY AUTOINCREMENT,
    "group_id" INTEGER REFERENCES "auth_group" ("id") ON DELETE CASCADE  ,
    "name" CHAR(512),
    "table_name" CHAR(512),
    "record_id" INTEGER
);
success!
timestamp: 2020-01-27T16:34:27.248305
CREATE TABLE "auth_event"(
    "id" INTEGER PRIMARY KEY AUTOINCREMENT,
    "time_stamp" TIMESTAMP,
    "client_ip" CHAR(512),
    "user_id" INTEGER REFERENCES "auth_user" ("id") ON DELETE CASCADE  ,
    "origin" CHAR(512),
    "description" TEXT
);
success!
timestamp: 2020-01-27T16:34:27.361536
CREATE TABLE "auth_cas"(
    "id" INTEGER PRIMARY KEY AUTOINCREMENT,
    "user_id" INTEGER REFERENCES "auth_user" ("id") ON DELETE CASCADE  ,
    "created_on" TIMESTAMP,
    "service" CHAR(512),
    "ticket" CHAR(512),
    "renew" CHAR(1)
);
success!
timestamp: 2020-01-27T16:34:27.494143
CREATE TABLE "d404"(
    "id" INTEGER PRIMARY KEY AUTOINCREMENT,
    "f0" CHAR(1000),
    "f1" TEXT,
    "f2" TEXT
);
success!
timestamp: 2020-01-27T16:34:27.668014
CREATE TABLE "d500"(
    "id" INTEGER PRIMARY KEY AUTOINCREMENT,
    "f0" CHAR(1000),
    "f1" TEXT,
    "f2" TEXT
);
success!
timestamp: 2020-01-27T16:34:27.799977
CREATE TABLE "dX404form0"(
    "id" INTEGER PRIMARY KEY AUTOINCREMENT,
    "f0" CHAR(512)
);
success!
timestamp: 2020-01-27T16:34:27.857362
CREATE TABLE "dX404form1"(
    "id" INTEGER PRIMARY KEY AUTOINCREMENT,
    "f0" CHAR(512)
);
success!
timestamp: 2020-01-27T16:34:27.898012
CREATE TABLE "dX500form0"(
    "id" INTEGER PRIMARY KEY AUTOINCREMENT,
    "f0" CHAR(512)
);
success!
timestamp: 2020-01-27T16:34:27.958080
CREATE TABLE "dX500form1"(
    "id" INTEGER PRIMARY KEY AUTOINCREMENT,
    "f0" CHAR(512)
);
success!
timestamp: 2020-01-27T16:34:27.981577
CREATE TABLE "dadvanced"(
    "id" INTEGER PRIMARY KEY AUTOINCREMENT,
    "f0" CHAR(1000),
    "f1" TEXT,
    "f2" TEXT
);
success!
timestamp: 2020-01-27T16:34:28.039803
CREATE TABLE "dadvancedform0"(
    "id" INTEGER PRIMARY KEY AUTOINCREMENT,
    "f0" CHAR(512)
);
success!
timestamp: 2020-01-27T16:34:28.062914
CREATE TABLE "dblank"(
    "id" INTEGER PRIMARY KEY AUTOINCREMENT,
    "f0" CHAR(1000),
    "f1" TEXT,
    "f2" TEXT
);
success!
timestamp: 2020-01-27T16:34:28.259701
CREATE TABLE "dblankform0"(
    "id" INTEGER PRIMARY KEY AUTOINCREMENT,
    "f0" CHAR(512)
);
success!
timestamp: 2020-01-27T16:34:28.318212
CREATE TABLE "dboxed"(
    "id" INTEGER PRIMARY KEY AUTOINCREMENT,
    "f0" CHAR(1000),
    "f1" TEXT,
    "f2" TEXT
);
success!
timestamp: 2020-01-27T16:34:28.463648
CREATE TABLE "dboxedform0"(
    "id" INTEGER PRIMARY KEY AUTOINCREMENT,
    "f0" CHAR(512)
);
success!
timestamp: 2020-01-27T16:34:28.530126
CREATE TABLE "dbuttons"(
    "id" INTEGER PRIMARY KEY AUTOINCREMENT,
    "f0" CHAR(1000),
    "f1" TEXT,
    "f2" TEXT
);
success!
timestamp: 2020-01-27T16:34:28.720288
CREATE TABLE "dbuttonsform0"(
    "id" INTEGER PRIMARY KEY AUTOINCREMENT,
    "f0" CHAR(512)
);
success!
timestamp: 2020-01-27T16:34:28.771699
CREATE TABLE "dcalendar"(
    "id" INTEGER PRIMARY KEY AUTOINCREMENT,
    "f0" CHAR(1000),
    "f1" TEXT,
    "f2" TEXT
);
success!
timestamp: 2020-01-27T16:34:28.873086
CREATE TABLE "dcalendarform0"(
    "id" INTEGER PRIMARY KEY AUTOINCREMENT,
    "f0" CHAR(512)
);
success!
timestamp: 2020-01-27T16:34:28.909998
CREATE TABLE "dchartjs"(
    "id" INTEGER PRIMARY KEY AUTOINCREMENT,
    "f0" CHAR(1000),
    "f1" TEXT,
    "f2" TEXT
);
success!
timestamp: 2020-01-27T16:34:29.061849
CREATE TABLE "dchartjsform0"(
    "id" INTEGER PRIMARY KEY AUTOINCREMENT,
    "f0" CHAR(512)
);
success!
timestamp: 2020-01-27T16:34:29.131405
CREATE TABLE "dcollapsed0sidebar"(
    "id" INTEGER PRIMARY KEY AUTOINCREMENT,
    "f0" CHAR(1000),
    "f1" TEXT,
    "f2" TEXT
);
success!
timestamp: 2020-01-27T16:34:29.212965
CREATE TABLE "dcollapsedIIsidebarform0"(
    "id" INTEGER PRIMARY KEY AUTOINCREMENT,
    "f0" CHAR(512)
);
success!
timestamp: 2020-01-27T16:34:29.252357
CREATE TABLE "dcompose"(
    "id" INTEGER PRIMARY KEY AUTOINCREMENT,
    "f0" CHAR(1000),
    "f1" TEXT,
    "f2" TEXT
);
success!
timestamp: 2020-01-27T16:34:29.325464
CREATE TABLE "dcomposeform0"(
    "id" INTEGER PRIMARY KEY AUTOINCREMENT,
    "f0" CHAR(512)
);
success!
timestamp: 2020-01-27T16:34:29.358069
CREATE TABLE "dcontacts"(
    "id" INTEGER PRIMARY KEY AUTOINCREMENT,
    "f0" CHAR(1000),
    "f1" TEXT,
    "f2" TEXT
);
success!
timestamp: 2020-01-27T16:34:29.450703
CREATE TABLE "dcontactsform0"(
    "id" INTEGER PRIMARY KEY AUTOINCREMENT,
    "f0" CHAR(512)
);
success!
timestamp: 2020-01-27T16:34:29.480651
CREATE TABLE "ddata"(
    "id" INTEGER PRIMARY KEY AUTOINCREMENT,
    "f0" CHAR(1000),
    "f1" TEXT,
    "f2" TEXT
);
success!
timestamp: 2020-01-27T16:34:29.543139
CREATE TABLE "ddataform0"(
    "id" INTEGER PRIMARY KEY AUTOINCREMENT,
    "f0" CHAR(512)
);
success!
timestamp: 2020-01-27T16:34:29.565215
CREATE TABLE "de0commerce"(
    "id" INTEGER PRIMARY KEY AUTOINCREMENT,
    "f0" CHAR(1000),
    "f1" TEXT,
    "f2" TEXT
);
success!
timestamp: 2020-01-27T16:34:29.621575
CREATE TABLE "deIIcommerceform0"(
    "id" INTEGER PRIMARY KEY AUTOINCREMENT,
    "f0" CHAR(512)
);
success!
timestamp: 2020-01-27T16:34:29.643191
CREATE TABLE "deditors"(
    "id" INTEGER PRIMARY KEY AUTOINCREMENT,
    "f0" CHAR(1000),
    "f1" TEXT,
    "f2" TEXT
);
success!
timestamp: 2020-01-27T16:34:29.692780
CREATE TABLE "deditorsform0"(
    "id" INTEGER PRIMARY KEY AUTOINCREMENT,
    "f0" CHAR(512)
);
success!
timestamp: 2020-01-27T16:34:29.713150
CREATE TABLE "dfixed0footer"(
    "id" INTEGER PRIMARY KEY AUTOINCREMENT,
    "f0" CHAR(1000),
    "f1" TEXT,
    "f2" TEXT
);
success!
timestamp: 2020-01-27T16:34:29.771394
CREATE TABLE "dfixed0sidebar"(
    "id" INTEGER PRIMARY KEY AUTOINCREMENT,
    "f0" CHAR(1000),
    "f1" TEXT,
    "f2" TEXT
);
success!
timestamp: 2020-01-27T16:34:29.837045
CREATE TABLE "dfixed0topnav"(
    "id" INTEGER PRIMARY KEY AUTOINCREMENT,
    "f0" CHAR(1000),
    "f1" TEXT,
    "f2" TEXT
);
success!
timestamp: 2020-01-27T16:34:29.885395
CREATE TABLE "dfixedIIfooterform0"(
    "id" INTEGER PRIMARY KEY AUTOINCREMENT,
    "f0" CHAR(512)
);
success!
timestamp: 2020-01-27T16:34:29.904753
CREATE TABLE "dfixedIIsidebarform0"(
    "id" INTEGER PRIMARY KEY AUTOINCREMENT,
    "f0" CHAR(512)
);
success!
timestamp: 2020-01-27T16:34:29.923451
CREATE TABLE "dfixedIItopnavform0"(
    "id" INTEGER PRIMARY KEY AUTOINCREMENT,
    "f0" CHAR(512)
);
success!
timestamp: 2020-01-27T16:34:29.957116
CREATE TABLE "dflot"(
    "id" INTEGER PRIMARY KEY AUTOINCREMENT,
    "f0" CHAR(1000),
    "f1" TEXT,
    "f2" TEXT
);
success!
timestamp: 2020-01-27T16:34:30.010336
CREATE TABLE "dflotform0"(
    "id" INTEGER PRIMARY KEY AUTOINCREMENT,
    "f0" CHAR(512)
);
success!
timestamp: 2020-01-27T16:34:30.038983
CREATE TABLE "dforgot0password"(
    "id" INTEGER PRIMARY KEY AUTOINCREMENT,
    "f0" CHAR(1000),
    "f1" TEXT,
    "f2" TEXT
);
success!
timestamp: 2020-01-27T16:34:30.074591
CREATE TABLE "dforgotIIpasswordform0"(
    "id" INTEGER PRIMARY KEY AUTOINCREMENT,
    "f0" CHAR(512)
);
success!
timestamp: 2020-01-27T16:34:30.095176
CREATE TABLE "dgallery"(
    "id" INTEGER PRIMARY KEY AUTOINCREMENT,
    "f0" CHAR(1000),
    "f1" TEXT,
    "f2" TEXT
);
success!
timestamp: 2020-01-27T16:34:30.148228
CREATE TABLE "dgalleryform0"(
    "id" INTEGER PRIMARY KEY AUTOINCREMENT,
    "f0" CHAR(512)
);
success!
timestamp: 2020-01-27T16:34:30.175152
CREATE TABLE "dgeneral"(
    "id" INTEGER PRIMARY KEY AUTOINCREMENT,
    "f0" CHAR(1000),
    "f1" TEXT,
    "f2" TEXT
);
success!
timestamp: 2020-01-27T16:34:30.264142
CREATE TABLE "dgeneralform0"(
    "id" INTEGER PRIMARY KEY AUTOINCREMENT,
    "f0" CHAR(512)
);
success!
timestamp: 2020-01-27T16:34:30.286231
CREATE TABLE "dicons"(
    "id" INTEGER PRIMARY KEY AUTOINCREMENT,
    "f0" CHAR(1000),
    "f1" TEXT,
    "f2" TEXT
);
success!
timestamp: 2020-01-27T16:34:30.365483
CREATE TABLE "diconsform0"(
    "id" INTEGER PRIMARY KEY AUTOINCREMENT,
    "f0" CHAR(512)
);
success!
timestamp: 2020-01-27T16:34:30.384809
CREATE TABLE "dindex"(
    "id" INTEGER PRIMARY KEY AUTOINCREMENT,
    "f0" CHAR(1000),
    "f1" TEXT,
    "f2" TEXT
);
success!
timestamp: 2020-01-27T16:34:30.450632
CREATE TABLE "dindex2"(
    "id" INTEGER PRIMARY KEY AUTOINCREMENT,
    "f0" CHAR(1000),
    "f1" TEXT,
    "f2" TEXT
);
success!
timestamp: 2020-01-27T16:34:30.547074
CREATE TABLE "dindex2form0"(
    "id" INTEGER PRIMARY KEY AUTOINCREMENT,
    "f0" CHAR(512)
);
success!
timestamp: 2020-01-27T16:34:30.565100
CREATE TABLE "dindex2form1"(
    "id" INTEGER PRIMARY KEY AUTOINCREMENT,
    "f0" CHAR(512)
);
success!
timestamp: 2020-01-27T16:34:30.586694
CREATE TABLE "dindex3"(
    "id" INTEGER PRIMARY KEY AUTOINCREMENT,
    "f0" CHAR(1000),
    "f1" TEXT,
    "f2" TEXT
);
success!
timestamp: 2020-01-27T16:34:30.639377
CREATE TABLE "dindex3form0"(
    "id" INTEGER PRIMARY KEY AUTOINCREMENT,
    "f0" CHAR(512)
);
success!
timestamp: 2020-01-27T16:34:30.658758
CREATE TABLE "dindexform0"(
    "id" INTEGER PRIMARY KEY AUTOINCREMENT,
    "f0" CHAR(512)
);
success!
timestamp: 2020-01-27T16:34:30.677193
CREATE TABLE "dindexform1"(
    "id" INTEGER PRIMARY KEY AUTOINCREMENT,
    "f0" CHAR(512)
);
success!
timestamp: 2020-01-27T16:34:30.698123
CREATE TABLE "dinline"(
    "id" INTEGER PRIMARY KEY AUTOINCREMENT,
    "f0" CHAR(1000),
    "f1" TEXT,
    "f2" TEXT
);
success!
timestamp: 2020-01-27T16:34:30.751246
CREATE TABLE "dinlineform0"(
    "id" INTEGER PRIMARY KEY AUTOINCREMENT,
    "f0" CHAR(512)
);
success!
timestamp: 2020-01-27T16:34:30.776600
CREATE TABLE "dinvoice"(
    "id" INTEGER PRIMARY KEY AUTOINCREMENT,
    "f0" CHAR(1000),
    "f1" TEXT,
    "f2" TEXT
);
success!
timestamp: 2020-01-27T16:34:30.834172
CREATE TABLE "dinvoice0print"(
    "id" INTEGER PRIMARY KEY AUTOINCREMENT,
    "f0" CHAR(1000),
    "f1" TEXT,
    "f2" TEXT
);
success!
timestamp: 2020-01-27T16:34:30.869560
CREATE TABLE "dinvoiceform0"(
    "id" INTEGER PRIMARY KEY AUTOINCREMENT,
    "f0" CHAR(512)
);
success!
timestamp: 2020-01-27T16:34:30.894735
CREATE TABLE "djsgrid"(
    "id" INTEGER PRIMARY KEY AUTOINCREMENT,
    "f0" CHAR(1000),
    "f1" TEXT,
    "f2" TEXT
);
success!
timestamp: 2020-01-27T16:34:30.947395
CREATE TABLE "djsgridform0"(
    "id" INTEGER PRIMARY KEY AUTOINCREMENT,
    "f0" CHAR(512)
);
success!
timestamp: 2020-01-27T16:34:30.967462
CREATE TABLE "dlanguage0menu"(
    "id" INTEGER PRIMARY KEY AUTOINCREMENT,
    "f0" CHAR(1000),
    "f1" TEXT,
    "f2" TEXT
);
success!
timestamp: 2020-01-27T16:34:31.018201
CREATE TABLE "dlanguageIImenuform0"(
    "id" INTEGER PRIMARY KEY AUTOINCREMENT,
    "f0" CHAR(512)
);
success!
timestamp: 2020-01-27T16:34:31.041125
CREATE TABLE "dlegacy0user0menu"(
    "id" INTEGER PRIMARY KEY AUTOINCREMENT,
    "f0" CHAR(1000),
    "f1" TEXT,
    "f2" TEXT
);
success!
timestamp: 2020-01-27T16:34:31.096099
CREATE TABLE "dlegacyIIuserIImenuform0"(
    "id" INTEGER PRIMARY KEY AUTOINCREMENT,
    "f0" CHAR(512)
);
success!
timestamp: 2020-01-27T16:34:31.131648
CREATE TABLE "dlockscreen"(
    "id" INTEGER PRIMARY KEY AUTOINCREMENT,
    "f0" CHAR(1000),
    "f1" TEXT,
    "f2" TEXT
);
success!
timestamp: 2020-01-27T16:34:31.206125
CREATE TABLE "dlockscreenform0"(
    "id" INTEGER PRIMARY KEY AUTOINCREMENT,
    "f0" CHAR(512)
);
success!
timestamp: 2020-01-27T16:34:31.230224
CREATE TABLE "dlogin"(
    "id" INTEGER PRIMARY KEY AUTOINCREMENT,
    "f0" CHAR(1000),
    "f1" TEXT,
    "f2" TEXT
);
success!
timestamp: 2020-01-27T16:34:31.300830
CREATE TABLE "dloginform0"(
    "id" INTEGER PRIMARY KEY AUTOINCREMENT,
    "f0" CHAR(512),
    "f1" CHAR(512),
    "f2" CHAR(1)
);
success!
timestamp: 2020-01-27T16:34:31.345505
CREATE TABLE "dmailbox"(
    "id" INTEGER PRIMARY KEY AUTOINCREMENT,
    "f0" CHAR(1000),
    "f1" TEXT,
    "f2" TEXT
);
success!
timestamp: 2020-01-27T16:34:31.447853
CREATE TABLE "dmailboxform0"(
    "id" INTEGER PRIMARY KEY AUTOINCREMENT,
    "f0" CHAR(512)
);
success!
timestamp: 2020-01-27T16:34:31.490917
CREATE TABLE "dmodals"(
    "id" INTEGER PRIMARY KEY AUTOINCREMENT,
    "f0" CHAR(1000),
    "f1" TEXT,
    "f2" TEXT
);
success!
timestamp: 2020-01-27T16:34:31.595206
CREATE TABLE "dmodalsform0"(
    "id" INTEGER PRIMARY KEY AUTOINCREMENT,
    "f0" CHAR(512)
);
success!
timestamp: 2020-01-27T16:34:31.629923
CREATE TABLE "dnavbar"(
    "id" INTEGER PRIMARY KEY AUTOINCREMENT,
    "f0" CHAR(1000),
    "f1" TEXT,
    "f2" TEXT
);
success!
timestamp: 2020-01-27T16:34:31.749753
CREATE TABLE "dnavbarform0"(
    "id" INTEGER PRIMARY KEY AUTOINCREMENT,
    "f0" CHAR(512)
);
success!
timestamp: 2020-01-27T16:34:31.770571
CREATE TABLE "dnavbarform1"(
    "id" INTEGER PRIMARY KEY AUTOINCREMENT,
    "f0" CHAR(512)
);
success!
timestamp: 2020-01-27T16:34:31.820867
CREATE TABLE "dnavbarform2"(
    "id" INTEGER PRIMARY KEY AUTOINCREMENT,
    "f0" CHAR(512)
);
success!
timestamp: 2020-01-27T16:34:31.891986
CREATE TABLE "dnavbarform3"(
    "id" INTEGER PRIMARY KEY AUTOINCREMENT,
    "f0" CHAR(512)
);
success!
timestamp: 2020-01-27T16:34:31.929296
CREATE TABLE "dnavbarform4"(
    "id" INTEGER PRIMARY KEY AUTOINCREMENT,
    "f0" CHAR(512)
);
success!
timestamp: 2020-01-27T16:34:31.969785
CREATE TABLE "dnavbarform5"(
    "id" INTEGER PRIMARY KEY AUTOINCREMENT,
    "f0" CHAR(512)
);
success!
timestamp: 2020-01-27T16:34:32.052822
CREATE TABLE "dnavbarform6"(
    "id" INTEGER PRIMARY KEY AUTOINCREMENT,
    "f0" CHAR(512)
);
success!
timestamp: 2020-01-27T16:34:32.112365
CREATE TABLE "dpace"(
    "id" INTEGER PRIMARY KEY AUTOINCREMENT,
    "f0" CHAR(1000),
    "f1" TEXT,
    "f2" TEXT
);
success!
timestamp: 2020-01-27T16:34:32.484308
CREATE TABLE "dpaceform0"(
    "id" INTEGER PRIMARY KEY AUTOINCREMENT,
    "f0" CHAR(512)
);
success!
timestamp: 2020-01-27T16:34:32.519330
CREATE TABLE "dprofile"(
    "id" INTEGER PRIMARY KEY AUTOINCREMENT,
    "f0" CHAR(1000),
    "f1" TEXT,
    "f2" TEXT
);
success!
timestamp: 2020-01-27T16:34:32.659339
CREATE TABLE "dprofileform0"(
    "id" INTEGER PRIMARY KEY AUTOINCREMENT,
    "f0" CHAR(512)
);
success!
timestamp: 2020-01-27T16:34:32.689925
CREATE TABLE "dprofileform1"(
    "id" INTEGER PRIMARY KEY AUTOINCREMENT,
    "f0" CHAR(512)
);
success!
timestamp: 2020-01-27T16:34:32.728777
CREATE TABLE "dprofileform2"(
    "id" INTEGER PRIMARY KEY AUTOINCREMENT,
    "f0" CHAR(512),
    "f1" CHAR(512),
    "f2" CHAR(512),
    "f3" CHAR(512),
    "f4" CHAR(1),
    "f5" TEXT
);
success!
timestamp: 2020-01-27T16:34:32.763699
CREATE TABLE "dproject0add"(
    "id" INTEGER PRIMARY KEY AUTOINCREMENT,
    "f0" CHAR(1000),
    "f1" TEXT,
    "f2" TEXT
);
success!
timestamp: 2020-01-27T16:34:32.829302
CREATE TABLE "dproject0detail"(
    "id" INTEGER PRIMARY KEY AUTOINCREMENT,
    "f0" CHAR(1000),
    "f1" TEXT,
    "f2" TEXT
);
success!
timestamp: 2020-01-27T16:34:32.888378
CREATE TABLE "dproject0edit"(
    "id" INTEGER PRIMARY KEY AUTOINCREMENT,
    "f0" CHAR(1000),
    "f1" TEXT,
    "f2" TEXT
);
success!
timestamp: 2020-01-27T16:34:32.962393
CREATE TABLE "dprojectIIaddform0"(
    "id" INTEGER PRIMARY KEY AUTOINCREMENT,
    "f0" CHAR(512)
);
success!
timestamp: 2020-01-27T16:34:32.983100
CREATE TABLE "dprojectIIdetailform0"(
    "id" INTEGER PRIMARY KEY AUTOINCREMENT,
    "f0" CHAR(512)
);
success!
timestamp: 2020-01-27T16:34:33.005574
CREATE TABLE "dprojectIIeditform0"(
    "id" INTEGER PRIMARY KEY AUTOINCREMENT,
    "f0" CHAR(512)
);
success!
timestamp: 2020-01-27T16:34:33.068585
CREATE TABLE "dprojects"(
    "id" INTEGER PRIMARY KEY AUTOINCREMENT,
    "f0" CHAR(1000),
    "f1" TEXT,
    "f2" TEXT
);
success!
timestamp: 2020-01-27T16:34:33.133108
CREATE TABLE "dprojectsform0"(
    "id" INTEGER PRIMARY KEY AUTOINCREMENT,
    "f0" CHAR(512)
);
success!
timestamp: 2020-01-27T16:34:33.156785
CREATE TABLE "dread0mail"(
    "id" INTEGER PRIMARY KEY AUTOINCREMENT,
    "f0" CHAR(1000),
    "f1" TEXT,
    "f2" TEXT
);
success!
timestamp: 2020-01-27T16:34:33.208662
CREATE TABLE "dreadIImailform0"(
    "id" INTEGER PRIMARY KEY AUTOINCREMENT,
    "f0" CHAR(512)
);
success!
timestamp: 2020-01-27T16:34:33.227320
CREATE TABLE "drecover0password"(
    "id" INTEGER PRIMARY KEY AUTOINCREMENT,
    "f0" CHAR(1000),
    "f1" TEXT,
    "f2" TEXT
);
success!
timestamp: 2020-01-27T16:34:33.261711
CREATE TABLE "drecoverIIpasswordform0"(
    "id" INTEGER PRIMARY KEY AUTOINCREMENT,
    "f0" CHAR(512),
    "f1" CHAR(512)
);
success!
timestamp: 2020-01-27T16:34:33.281289
CREATE TABLE "dregister"(
    "id" INTEGER PRIMARY KEY AUTOINCREMENT,
    "f0" CHAR(1000),
    "f1" TEXT,
    "f2" TEXT
);
success!
timestamp: 2020-01-27T16:34:33.321019
CREATE TABLE "dregisterform0"(
    "id" INTEGER PRIMARY KEY AUTOINCREMENT,
    "f0" CHAR(512),
    "f1" CHAR(512),
    "f2" CHAR(512),
    "f3" CHAR(512),
    "f4" CHAR(1)
);
success!
timestamp: 2020-01-27T16:34:33.342267
CREATE TABLE "dribbons"(
    "id" INTEGER PRIMARY KEY AUTOINCREMENT,
    "f0" CHAR(1000),
    "f1" TEXT,
    "f2" TEXT
);
success!
timestamp: 2020-01-27T16:34:33.395858
CREATE TABLE "dribbonsform0"(
    "id" INTEGER PRIMARY KEY AUTOINCREMENT,
    "f0" CHAR(512)
);
success!
timestamp: 2020-01-27T16:34:33.421150
CREATE TABLE "dsimple"(
    "id" INTEGER PRIMARY KEY AUTOINCREMENT,
    "f0" CHAR(1000),
    "f1" TEXT,
    "f2" TEXT
);
success!
timestamp: 2020-01-27T16:34:33.487416
CREATE TABLE "dsimpleform0"(
    "id" INTEGER PRIMARY KEY AUTOINCREMENT,
    "f0" CHAR(512)
);
success!
timestamp: 2020-01-27T16:34:33.507863
CREATE TABLE "dsliders"(
    "id" INTEGER PRIMARY KEY AUTOINCREMENT,
    "f0" CHAR(1000),
    "f1" TEXT,
    "f2" TEXT
);
success!
timestamp: 2020-01-27T16:34:33.559207
CREATE TABLE "dslidersform0"(
    "id" INTEGER PRIMARY KEY AUTOINCREMENT,
    "f0" CHAR(512)
);
success!
timestamp: 2020-01-27T16:34:33.579603
CREATE TABLE "dstarter"(
    "id" INTEGER PRIMARY KEY AUTOINCREMENT,
    "f0" CHAR(1000),
    "f1" TEXT,
    "f2" TEXT
);
success!
timestamp: 2020-01-27T16:34:33.622113
CREATE TABLE "dstarterform0"(
    "id" INTEGER PRIMARY KEY AUTOINCREMENT,
    "f0" CHAR(512)
);
success!
timestamp: 2020-01-27T16:34:33.641885
CREATE TABLE "dtimeline"(
    "id" INTEGER PRIMARY KEY AUTOINCREMENT,
    "f0" CHAR(1000),
    "f1" TEXT,
    "f2" TEXT
);
success!
timestamp: 2020-01-27T16:34:33.708799
CREATE TABLE "dtimelineform0"(
    "id" INTEGER PRIMARY KEY AUTOINCREMENT,
    "f0" CHAR(512)
);
success!
timestamp: 2020-01-27T16:34:33.727445
CREATE TABLE "dtop0nav"(
    "id" INTEGER PRIMARY KEY AUTOINCREMENT,
    "f0" CHAR(1000),
    "f1" TEXT,
    "f2" TEXT
);
success!
timestamp: 2020-01-27T16:34:33.771346
CREATE TABLE "dtop0nav0sidebar"(
    "id" INTEGER PRIMARY KEY AUTOINCREMENT,
    "f0" CHAR(1000),
    "f1" TEXT,
    "f2" TEXT
);
success!
timestamp: 2020-01-27T16:34:33.846310
CREATE TABLE "dtopIInavIIsidebarform0"(
    "id" INTEGER PRIMARY KEY AUTOINCREMENT,
    "f0" CHAR(512)
);
success!
timestamp: 2020-01-27T16:34:33.866783
CREATE TABLE "dtopIInavform0"(
    "id" INTEGER PRIMARY KEY AUTOINCREMENT,
    "f0" CHAR(512)
);
success!
timestamp: 2020-01-27T16:34:33.886067
CREATE TABLE "dvalidation"(
    "id" INTEGER PRIMARY KEY AUTOINCREMENT,
    "f0" CHAR(1000),
    "f1" TEXT,
    "f2" TEXT
);
success!
timestamp: 2020-01-27T16:34:33.939013
CREATE TABLE "dvalidationform0"(
    "id" INTEGER PRIMARY KEY AUTOINCREMENT,
    "f0" CHAR(512)
);
success!
timestamp: 2020-01-27T16:34:33.964052
CREATE TABLE "dvalidationform1"(
    "id" INTEGER PRIMARY KEY AUTOINCREMENT,
    "f0" CHAR(512),
    "f1" CHAR(512),
    "f2" CHAR(1)
);
success!
timestamp: 2020-01-27T16:34:34.026121
CREATE TABLE "dwidgets"(
    "id" INTEGER PRIMARY KEY AUTOINCREMENT,
    "f0" CHAR(1000),
    "f1" TEXT,
    "f2" TEXT
);
success!
timestamp: 2020-01-27T16:34:34.105905
CREATE TABLE "dwidgetsform0"(
    "id" INTEGER PRIMARY KEY AUTOINCREMENT,
    "f0" CHAR(512)
);
success!
timestamp: 2020-01-27T16:34:34.126772
CREATE TABLE "dwidgetsform1"(
    "id" INTEGER PRIMARY KEY AUTOINCREMENT,
    "f0" CHAR(512)
);
success!
timestamp: 2020-01-27T16:34:34.183269
CREATE TABLE "dwidgetsform2"(
    "id" INTEGER PRIMARY KEY AUTOINCREMENT,
    "f0" CHAR(512)
);
success!
timestamp: 2020-01-27T16:34:34.203332
CREATE TABLE "dwidgetsform3"(
    "id" INTEGER PRIMARY KEY AUTOINCREMENT,
    "f0" CHAR(512)
);
success!
timestamp: 2020-01-27T16:34:34.244302
CREATE TABLE "dwidgetsform4"(
    "id" INTEGER PRIMARY KEY AUTOINCREMENT,
    "f0" CHAR(512)
);
success!
timestamp: 2020-01-27T16:34:34.266106
CREATE TABLE "dwidgetsform5"(
    "id" INTEGER PRIMARY KEY AUTOINCREMENT,
    "f0" CHAR(512)
);
success!
timestamp: 2020-01-27T16:34:34.287501
CREATE TABLE "dwidgetsform6"(
    "id" INTEGER PRIMARY KEY AUTOINCREMENT,
    "f0" CHAR(512)
);
success!
timestamp: 2020-01-27T16:34:34.315298
CREATE TABLE "project_edittable0"(
    "id" INTEGER PRIMARY KEY AUTOINCREMENT,
    "f0" CHAR(512),
    "f1" CHAR(512)
);
success!
timestamp: 2020-01-27T16:34:34.340183
CREATE TABLE "index3table0"(
    "id" INTEGER PRIMARY KEY AUTOINCREMENT,
    "f0" CHAR(512),
    "f1" CHAR(512),
    "f2" CHAR(512),
    "f3" CHAR(512)
);
success!
timestamp: 2020-01-27T16:34:34.380551
CREATE TABLE "simpletable0"(
    "id" INTEGER PRIMARY KEY AUTOINCREMENT,
    "f0" CHAR(512),
    "f1" CHAR(512),
    "f2" CHAR(512),
    "f3" CHAR(512)
);
success!
timestamp: 2020-01-27T16:34:34.434093
CREATE TABLE "simpletable1"(
    "id" INTEGER PRIMARY KEY AUTOINCREMENT,
    "f0" CHAR(512),
    "f1" CHAR(512),
    "f2" CHAR(512),
    "f3" CHAR(512)
);
success!
timestamp: 2020-01-27T16:34:34.472956
CREATE TABLE "simpletable2"(
    "id" INTEGER PRIMARY KEY AUTOINCREMENT,
    "f0" CHAR(512),
    "f1" CHAR(512),
    "f2" CHAR(512),
    "f3" CHAR(512)
);
success!
timestamp: 2020-01-27T16:34:34.512354
CREATE TABLE "simpletable3"(
    "id" INTEGER PRIMARY KEY AUTOINCREMENT,
    "f0" CHAR(512),
    "f1" CHAR(512),
    "f2" CHAR(512),
    "f3" CHAR(512)
);
success!
timestamp: 2020-01-27T16:34:34.553310
CREATE TABLE "simpletable4"(
    "id" INTEGER PRIMARY KEY AUTOINCREMENT,
    "f0" CHAR(512),
    "f1" CHAR(512),
    "f2" CHAR(512),
    "f3" CHAR(512),
    "f4" CHAR(512)
);
success!
timestamp: 2020-01-27T16:34:34.630842
CREATE TABLE "simpletable5"(
    "id" INTEGER PRIMARY KEY AUTOINCREMENT,
    "f0" CHAR(512),
    "f1" CHAR(512),
    "f2" CHAR(512),
    "f3" CHAR(512),
    "f4" CHAR(512)
);
success!
timestamp: 2020-01-27T16:34:34.706600
CREATE TABLE "datatable0"(
    "id" INTEGER PRIMARY KEY AUTOINCREMENT,
    "f0" CHAR(512),
    "f1" CHAR(512),
    "f2" CHAR(512),
    "f3" CHAR(512),
    "f4" CHAR(512)
);
success!
timestamp: 2020-01-27T16:34:34.755053
CREATE TABLE "datatable1"(
    "id" INTEGER PRIMARY KEY AUTOINCREMENT,
    "f0" CHAR(512),
    "f1" CHAR(512),
    "f2" CHAR(512),
    "f3" CHAR(512),
    "f4" CHAR(512)
);
success!
timestamp: 2020-01-27T16:34:34.808826
CREATE TABLE "invoicetable0"(
    "id" INTEGER PRIMARY KEY AUTOINCREMENT,
    "f0" CHAR(512),
    "f1" CHAR(512),
    "f2" CHAR(512),
    "f3" CHAR(512),
    "f4" CHAR(512)
);
success!
timestamp: 2020-01-27T16:34:34.855035
CREATE TABLE "invoice0printtable0"(
    "id" INTEGER PRIMARY KEY AUTOINCREMENT,
    "f0" CHAR(512),
    "f1" CHAR(512),
    "f2" CHAR(512),
    "f3" CHAR(512),
    "f4" CHAR(512)
);
success!
timestamp: 2020-01-27T16:34:34.892606
CREATE TABLE "projectstable0"(
    "id" INTEGER PRIMARY KEY AUTOINCREMENT,
    "f0" CHAR(512),
    "f1" CHAR(512),
    "f2" CHAR(512),
    "f3" CHAR(512),
    "f4" CHAR(512),
    "f5" CHAR(512),
    "f6" CHAR(512),
    "f7" CHAR(512),
    "f8" CHAR(512),
    "f9" CHAR(512),
    "f10" CHAR(512),
    "f11" CHAR(512),
    "f12" CHAR(512)
);
success!
timestamp: 2020-01-27T16:34:34.931151
CREATE TABLE "index2table0"(
    "id" INTEGER PRIMARY KEY AUTOINCREMENT,
    "f0" CHAR(512),
    "f1" CHAR(512),
    "f2" CHAR(512),
    "f3" CHAR(512)
);
success!
