timestamp: 2019-11-05T11:10:49.768243
CREATE TABLE "auth_user"(
    "id" INTEGER PRIMARY KEY AUTOINCREMENT,
    "first_name" CHAR(128),
    "last_name" CHAR(128),
    "email" CHAR(512),
    "password" CHAR(512),
    "registration_key" CHAR(512),
    "reset_password_key" CHAR(512),
    "registration_id" CHAR(512)
);
success!
timestamp: 2019-11-05T11:10:49.793680
CREATE TABLE "auth_group"(
    "id" INTEGER PRIMARY KEY AUTOINCREMENT,
    "role" CHAR(512),
    "description" TEXT
);
success!
timestamp: 2019-11-05T11:10:49.812733
CREATE TABLE "auth_membership"(
    "id" INTEGER PRIMARY KEY AUTOINCREMENT,
    "user_id" INTEGER REFERENCES "auth_user" ("id") ON DELETE CASCADE  ,
    "group_id" INTEGER REFERENCES "auth_group" ("id") ON DELETE CASCADE  
);
success!
timestamp: 2019-11-05T11:10:49.832805
CREATE TABLE "auth_permission"(
    "id" INTEGER PRIMARY KEY AUTOINCREMENT,
    "group_id" INTEGER REFERENCES "auth_group" ("id") ON DELETE CASCADE  ,
    "name" CHAR(512),
    "table_name" CHAR(512),
    "record_id" INTEGER
);
success!
timestamp: 2019-11-05T11:10:49.853648
CREATE TABLE "auth_event"(
    "id" INTEGER PRIMARY KEY AUTOINCREMENT,
    "time_stamp" TIMESTAMP,
    "client_ip" CHAR(512),
    "user_id" INTEGER REFERENCES "auth_user" ("id") ON DELETE CASCADE  ,
    "origin" CHAR(512),
    "description" TEXT
);
success!
timestamp: 2019-11-05T11:10:49.874151
CREATE TABLE "auth_cas"(
    "id" INTEGER PRIMARY KEY AUTOINCREMENT,
    "user_id" INTEGER REFERENCES "auth_user" ("id") ON DELETE CASCADE  ,
    "created_on" TIMESTAMP,
    "service" CHAR(512),
    "ticket" CHAR(512),
    "renew" CHAR(1)
);
success!
timestamp: 2019-11-05T11:10:49.895143
CREATE TABLE "d404"(
    "id" INTEGER PRIMARY KEY AUTOINCREMENT,
    "f0" CHAR(1000),
    "f1" TEXT,
    "f2" TEXT
);
success!
timestamp: 2019-11-05T11:10:49.945398
CREATE TABLE "d500"(
    "id" INTEGER PRIMARY KEY AUTOINCREMENT,
    "f0" CHAR(1000),
    "f1" TEXT,
    "f2" TEXT
);
success!
timestamp: 2019-11-05T11:10:49.999773
CREATE TABLE "dX404form0"(
    "id" INTEGER PRIMARY KEY AUTOINCREMENT,
    "f0" CHAR(512)
);
success!
timestamp: 2019-11-05T11:10:50.017467
CREATE TABLE "dX404form1"(
    "id" INTEGER PRIMARY KEY AUTOINCREMENT,
    "f0" CHAR(512)
);
success!
timestamp: 2019-11-05T11:10:50.040057
CREATE TABLE "dX500form0"(
    "id" INTEGER PRIMARY KEY AUTOINCREMENT,
    "f0" CHAR(512)
);
success!
timestamp: 2019-11-05T11:10:50.061017
CREATE TABLE "dX500form1"(
    "id" INTEGER PRIMARY KEY AUTOINCREMENT,
    "f0" CHAR(512)
);
success!
timestamp: 2019-11-05T11:10:50.081177
CREATE TABLE "dadvanced"(
    "id" INTEGER PRIMARY KEY AUTOINCREMENT,
    "f0" CHAR(1000),
    "f1" TEXT,
    "f2" TEXT
);
success!
timestamp: 2019-11-05T11:10:50.139876
CREATE TABLE "dadvancedform0"(
    "id" INTEGER PRIMARY KEY AUTOINCREMENT,
    "f0" CHAR(512)
);
success!
timestamp: 2019-11-05T11:10:50.159537
CREATE TABLE "dblank"(
    "id" INTEGER PRIMARY KEY AUTOINCREMENT,
    "f0" CHAR(1000),
    "f1" TEXT,
    "f2" TEXT
);
success!
timestamp: 2019-11-05T11:10:50.212988
CREATE TABLE "dblankform0"(
    "id" INTEGER PRIMARY KEY AUTOINCREMENT,
    "f0" CHAR(512)
);
success!
timestamp: 2019-11-05T11:10:50.233775
CREATE TABLE "dboxed"(
    "id" INTEGER PRIMARY KEY AUTOINCREMENT,
    "f0" CHAR(1000),
    "f1" TEXT,
    "f2" TEXT
);
success!
timestamp: 2019-11-05T11:10:50.298634
CREATE TABLE "dboxedform0"(
    "id" INTEGER PRIMARY KEY AUTOINCREMENT,
    "f0" CHAR(512)
);
success!
timestamp: 2019-11-05T11:10:50.326236
CREATE TABLE "dbuttons"(
    "id" INTEGER PRIMARY KEY AUTOINCREMENT,
    "f0" CHAR(1000),
    "f1" TEXT,
    "f2" TEXT
);
success!
timestamp: 2019-11-05T11:10:50.458601
CREATE TABLE "dbuttonsform0"(
    "id" INTEGER PRIMARY KEY AUTOINCREMENT,
    "f0" CHAR(512)
);
success!
timestamp: 2019-11-05T11:10:50.479781
CREATE TABLE "dcalendar"(
    "id" INTEGER PRIMARY KEY AUTOINCREMENT,
    "f0" CHAR(1000),
    "f1" TEXT,
    "f2" TEXT
);
success!
timestamp: 2019-11-05T11:10:50.529799
CREATE TABLE "dcalendarform0"(
    "id" INTEGER PRIMARY KEY AUTOINCREMENT,
    "f0" CHAR(512)
);
success!
timestamp: 2019-11-05T11:10:50.551256
CREATE TABLE "dchartjs"(
    "id" INTEGER PRIMARY KEY AUTOINCREMENT,
    "f0" CHAR(1000),
    "f1" TEXT,
    "f2" TEXT
);
success!
timestamp: 2019-11-05T11:10:50.602076
CREATE TABLE "dchartjsform0"(
    "id" INTEGER PRIMARY KEY AUTOINCREMENT,
    "f0" CHAR(512)
);
success!
timestamp: 2019-11-05T11:10:50.624997
CREATE TABLE "dcollapsed0sidebar"(
    "id" INTEGER PRIMARY KEY AUTOINCREMENT,
    "f0" CHAR(1000),
    "f1" TEXT,
    "f2" TEXT
);
success!
timestamp: 2019-11-05T11:10:50.672238
CREATE TABLE "dcollapsedIIsidebarform0"(
    "id" INTEGER PRIMARY KEY AUTOINCREMENT,
    "f0" CHAR(512)
);
success!
timestamp: 2019-11-05T11:10:50.693937
CREATE TABLE "dcompose"(
    "id" INTEGER PRIMARY KEY AUTOINCREMENT,
    "f0" CHAR(1000),
    "f1" TEXT,
    "f2" TEXT
);
success!
timestamp: 2019-11-05T11:10:50.748860
CREATE TABLE "dcomposeform0"(
    "id" INTEGER PRIMARY KEY AUTOINCREMENT,
    "f0" CHAR(512)
);
success!
timestamp: 2019-11-05T11:10:50.771811
CREATE TABLE "dcontacts"(
    "id" INTEGER PRIMARY KEY AUTOINCREMENT,
    "f0" CHAR(1000),
    "f1" TEXT,
    "f2" TEXT
);
success!
timestamp: 2019-11-05T11:10:50.829900
CREATE TABLE "dcontactsform0"(
    "id" INTEGER PRIMARY KEY AUTOINCREMENT,
    "f0" CHAR(512)
);
success!
timestamp: 2019-11-05T11:10:50.858065
CREATE TABLE "ddata"(
    "id" INTEGER PRIMARY KEY AUTOINCREMENT,
    "f0" CHAR(1000),
    "f1" TEXT,
    "f2" TEXT
);
success!
timestamp: 2019-11-05T11:10:50.906279
CREATE TABLE "ddataform0"(
    "id" INTEGER PRIMARY KEY AUTOINCREMENT,
    "f0" CHAR(512)
);
success!
timestamp: 2019-11-05T11:10:50.927042
CREATE TABLE "de0commerce"(
    "id" INTEGER PRIMARY KEY AUTOINCREMENT,
    "f0" CHAR(1000),
    "f1" TEXT,
    "f2" TEXT
);
success!
timestamp: 2019-11-05T11:10:50.985031
CREATE TABLE "deIIcommerceform0"(
    "id" INTEGER PRIMARY KEY AUTOINCREMENT,
    "f0" CHAR(512)
);
success!
timestamp: 2019-11-05T11:10:51.006982
CREATE TABLE "deditors"(
    "id" INTEGER PRIMARY KEY AUTOINCREMENT,
    "f0" CHAR(1000),
    "f1" TEXT,
    "f2" TEXT
);
success!
timestamp: 2019-11-05T11:10:51.062616
CREATE TABLE "deditorsform0"(
    "id" INTEGER PRIMARY KEY AUTOINCREMENT,
    "f0" CHAR(512)
);
success!
timestamp: 2019-11-05T11:10:51.084014
CREATE TABLE "dfixed0footer"(
    "id" INTEGER PRIMARY KEY AUTOINCREMENT,
    "f0" CHAR(1000),
    "f1" TEXT,
    "f2" TEXT
);
success!
timestamp: 2019-11-05T11:10:51.136525
CREATE TABLE "dfixed0sidebar"(
    "id" INTEGER PRIMARY KEY AUTOINCREMENT,
    "f0" CHAR(1000),
    "f1" TEXT,
    "f2" TEXT
);
success!
timestamp: 2019-11-05T11:10:51.199742
CREATE TABLE "dfixed0topnav"(
    "id" INTEGER PRIMARY KEY AUTOINCREMENT,
    "f0" CHAR(1000),
    "f1" TEXT,
    "f2" TEXT
);
success!
timestamp: 2019-11-05T11:10:51.251910
CREATE TABLE "dfixedIIfooterform0"(
    "id" INTEGER PRIMARY KEY AUTOINCREMENT,
    "f0" CHAR(512)
);
success!
timestamp: 2019-11-05T11:10:51.277691
CREATE TABLE "dfixedIIsidebarform0"(
    "id" INTEGER PRIMARY KEY AUTOINCREMENT,
    "f0" CHAR(512)
);
success!
timestamp: 2019-11-05T11:10:51.299395
CREATE TABLE "dfixedIItopnavform0"(
    "id" INTEGER PRIMARY KEY AUTOINCREMENT,
    "f0" CHAR(512)
);
success!
timestamp: 2019-11-05T11:10:51.322703
CREATE TABLE "dflot"(
    "id" INTEGER PRIMARY KEY AUTOINCREMENT,
    "f0" CHAR(1000),
    "f1" TEXT,
    "f2" TEXT
);
success!
timestamp: 2019-11-05T11:10:51.377709
CREATE TABLE "dflotform0"(
    "id" INTEGER PRIMARY KEY AUTOINCREMENT,
    "f0" CHAR(512)
);
success!
timestamp: 2019-11-05T11:10:51.401246
CREATE TABLE "dforgot0password"(
    "id" INTEGER PRIMARY KEY AUTOINCREMENT,
    "f0" CHAR(1000),
    "f1" TEXT,
    "f2" TEXT
);
success!
timestamp: 2019-11-05T11:10:51.440744
CREATE TABLE "dforgotIIpasswordform0"(
    "id" INTEGER PRIMARY KEY AUTOINCREMENT,
    "f0" CHAR(512)
);
success!
timestamp: 2019-11-05T11:10:51.461976
CREATE TABLE "dgallery"(
    "id" INTEGER PRIMARY KEY AUTOINCREMENT,
    "f0" CHAR(1000),
    "f1" TEXT,
    "f2" TEXT
);
success!
timestamp: 2019-11-05T11:10:51.517866
CREATE TABLE "dgalleryform0"(
    "id" INTEGER PRIMARY KEY AUTOINCREMENT,
    "f0" CHAR(512)
);
success!
timestamp: 2019-11-05T11:10:51.543152
CREATE TABLE "dgeneral"(
    "id" INTEGER PRIMARY KEY AUTOINCREMENT,
    "f0" CHAR(1000),
    "f1" TEXT,
    "f2" TEXT
);
success!
timestamp: 2019-11-05T11:10:51.626357
CREATE TABLE "dgeneralform0"(
    "id" INTEGER PRIMARY KEY AUTOINCREMENT,
    "f0" CHAR(512)
);
success!
timestamp: 2019-11-05T11:10:51.650563
CREATE TABLE "dicons"(
    "id" INTEGER PRIMARY KEY AUTOINCREMENT,
    "f0" CHAR(1000),
    "f1" TEXT,
    "f2" TEXT
);
success!
timestamp: 2019-11-05T11:10:51.713662
CREATE TABLE "diconsform0"(
    "id" INTEGER PRIMARY KEY AUTOINCREMENT,
    "f0" CHAR(512)
);
success!
timestamp: 2019-11-05T11:10:51.735524
CREATE TABLE "dindex"(
    "id" INTEGER PRIMARY KEY AUTOINCREMENT,
    "f0" CHAR(1000),
    "f1" TEXT,
    "f2" TEXT
);
success!
timestamp: 2019-11-05T11:10:51.808919
CREATE TABLE "dindex2"(
    "id" INTEGER PRIMARY KEY AUTOINCREMENT,
    "f0" CHAR(1000),
    "f1" TEXT,
    "f2" TEXT
);
success!
timestamp: 2019-11-05T11:10:51.889761
CREATE TABLE "dindex2form0"(
    "id" INTEGER PRIMARY KEY AUTOINCREMENT,
    "f0" CHAR(512)
);
success!
timestamp: 2019-11-05T11:10:51.913574
CREATE TABLE "dindex2form1"(
    "id" INTEGER PRIMARY KEY AUTOINCREMENT,
    "f0" CHAR(512)
);
success!
timestamp: 2019-11-05T11:10:51.936495
CREATE TABLE "dindex3"(
    "id" INTEGER PRIMARY KEY AUTOINCREMENT,
    "f0" CHAR(1000),
    "f1" TEXT,
    "f2" TEXT
);
success!
timestamp: 2019-11-05T11:10:52.302197
CREATE TABLE "dindex3form0"(
    "id" INTEGER PRIMARY KEY AUTOINCREMENT,
    "f0" CHAR(512)
);
success!
timestamp: 2019-11-05T11:10:52.321682
CREATE TABLE "dindexform0"(
    "id" INTEGER PRIMARY KEY AUTOINCREMENT,
    "f0" CHAR(512)
);
success!
timestamp: 2019-11-05T11:10:52.342589
CREATE TABLE "dindexform1"(
    "id" INTEGER PRIMARY KEY AUTOINCREMENT,
    "f0" CHAR(512)
);
success!
timestamp: 2019-11-05T11:10:52.366733
CREATE TABLE "dinline"(
    "id" INTEGER PRIMARY KEY AUTOINCREMENT,
    "f0" CHAR(1000),
    "f1" TEXT,
    "f2" TEXT
);
success!
timestamp: 2019-11-05T11:10:52.423214
CREATE TABLE "dinlineform0"(
    "id" INTEGER PRIMARY KEY AUTOINCREMENT,
    "f0" CHAR(512)
);
success!
timestamp: 2019-11-05T11:10:52.446183
CREATE TABLE "dinvoice"(
    "id" INTEGER PRIMARY KEY AUTOINCREMENT,
    "f0" CHAR(1000),
    "f1" TEXT,
    "f2" TEXT
);
success!
timestamp: 2019-11-05T11:10:52.500711
CREATE TABLE "dinvoice0print"(
    "id" INTEGER PRIMARY KEY AUTOINCREMENT,
    "f0" CHAR(1000),
    "f1" TEXT,
    "f2" TEXT
);
success!
timestamp: 2019-11-05T11:10:52.543760
CREATE TABLE "dinvoiceform0"(
    "id" INTEGER PRIMARY KEY AUTOINCREMENT,
    "f0" CHAR(512)
);
success!
timestamp: 2019-11-05T11:10:52.567979
CREATE TABLE "djsgrid"(
    "id" INTEGER PRIMARY KEY AUTOINCREMENT,
    "f0" CHAR(1000),
    "f1" TEXT,
    "f2" TEXT
);
success!
timestamp: 2019-11-05T11:10:52.619394
CREATE TABLE "djsgridform0"(
    "id" INTEGER PRIMARY KEY AUTOINCREMENT,
    "f0" CHAR(512)
);
success!
timestamp: 2019-11-05T11:10:52.644255
CREATE TABLE "dlanguage0menu"(
    "id" INTEGER PRIMARY KEY AUTOINCREMENT,
    "f0" CHAR(1000),
    "f1" TEXT,
    "f2" TEXT
);
success!
timestamp: 2019-11-05T11:10:52.704141
CREATE TABLE "dlanguageIImenuform0"(
    "id" INTEGER PRIMARY KEY AUTOINCREMENT,
    "f0" CHAR(512)
);
success!
timestamp: 2019-11-05T11:10:52.724215
CREATE TABLE "dlegacy0user0menu"(
    "id" INTEGER PRIMARY KEY AUTOINCREMENT,
    "f0" CHAR(1000),
    "f1" TEXT,
    "f2" TEXT
);
success!
timestamp: 2019-11-05T11:10:52.782031
CREATE TABLE "dlegacyIIuserIImenuform0"(
    "id" INTEGER PRIMARY KEY AUTOINCREMENT,
    "f0" CHAR(512)
);
success!
timestamp: 2019-11-05T11:10:52.812714
CREATE TABLE "dlockscreen"(
    "id" INTEGER PRIMARY KEY AUTOINCREMENT,
    "f0" CHAR(1000),
    "f1" TEXT,
    "f2" TEXT
);
success!
timestamp: 2019-11-05T11:10:52.853351
CREATE TABLE "dlockscreenform0"(
    "id" INTEGER PRIMARY KEY AUTOINCREMENT,
    "f0" CHAR(512)
);
success!
timestamp: 2019-11-05T11:10:52.875377
CREATE TABLE "dlogin"(
    "id" INTEGER PRIMARY KEY AUTOINCREMENT,
    "f0" CHAR(1000),
    "f1" TEXT,
    "f2" TEXT
);
success!
timestamp: 2019-11-05T11:10:52.915932
CREATE TABLE "dloginform0"(
    "id" INTEGER PRIMARY KEY AUTOINCREMENT,
    "f0" CHAR(512),
    "f1" CHAR(512),
    "f2" CHAR(1)
);
success!
timestamp: 2019-11-05T11:10:52.941399
CREATE TABLE "dmailbox"(
    "id" INTEGER PRIMARY KEY AUTOINCREMENT,
    "f0" CHAR(1000),
    "f1" TEXT,
    "f2" TEXT
);
success!
timestamp: 2019-11-05T11:10:53.001883
CREATE TABLE "dmailboxform0"(
    "id" INTEGER PRIMARY KEY AUTOINCREMENT,
    "f0" CHAR(512)
);
success!
timestamp: 2019-11-05T11:10:53.026136
CREATE TABLE "dmodals"(
    "id" INTEGER PRIMARY KEY AUTOINCREMENT,
    "f0" CHAR(1000),
    "f1" TEXT,
    "f2" TEXT
);
success!
timestamp: 2019-11-05T11:10:53.086371
CREATE TABLE "dmodalsform0"(
    "id" INTEGER PRIMARY KEY AUTOINCREMENT,
    "f0" CHAR(512)
);
success!
timestamp: 2019-11-05T11:10:53.125148
CREATE TABLE "dnavbar"(
    "id" INTEGER PRIMARY KEY AUTOINCREMENT,
    "f0" CHAR(1000),
    "f1" TEXT,
    "f2" TEXT
);
success!
timestamp: 2019-11-05T11:10:53.192027
CREATE TABLE "dnavbarform0"(
    "id" INTEGER PRIMARY KEY AUTOINCREMENT,
    "f0" CHAR(512)
);
success!
timestamp: 2019-11-05T11:10:53.213780
CREATE TABLE "dnavbarform1"(
    "id" INTEGER PRIMARY KEY AUTOINCREMENT,
    "f0" CHAR(512)
);
success!
timestamp: 2019-11-05T11:10:53.235651
CREATE TABLE "dnavbarform2"(
    "id" INTEGER PRIMARY KEY AUTOINCREMENT,
    "f0" CHAR(512)
);
success!
timestamp: 2019-11-05T11:10:53.260619
CREATE TABLE "dnavbarform3"(
    "id" INTEGER PRIMARY KEY AUTOINCREMENT,
    "f0" CHAR(512)
);
success!
timestamp: 2019-11-05T11:10:53.284348
CREATE TABLE "dnavbarform4"(
    "id" INTEGER PRIMARY KEY AUTOINCREMENT,
    "f0" CHAR(512)
);
success!
timestamp: 2019-11-05T11:10:53.306079
CREATE TABLE "dnavbarform5"(
    "id" INTEGER PRIMARY KEY AUTOINCREMENT,
    "f0" CHAR(512)
);
success!
timestamp: 2019-11-05T11:10:53.327391
CREATE TABLE "dnavbarform6"(
    "id" INTEGER PRIMARY KEY AUTOINCREMENT,
    "f0" CHAR(512)
);
success!
timestamp: 2019-11-05T11:10:53.349999
CREATE TABLE "dpace"(
    "id" INTEGER PRIMARY KEY AUTOINCREMENT,
    "f0" CHAR(1000),
    "f1" TEXT,
    "f2" TEXT
);
success!
timestamp: 2019-11-05T11:10:53.403227
CREATE TABLE "dpaceform0"(
    "id" INTEGER PRIMARY KEY AUTOINCREMENT,
    "f0" CHAR(512)
);
success!
timestamp: 2019-11-05T11:10:53.426259
CREATE TABLE "dprofile"(
    "id" INTEGER PRIMARY KEY AUTOINCREMENT,
    "f0" CHAR(1000),
    "f1" TEXT,
    "f2" TEXT
);
success!
timestamp: 2019-11-05T11:10:53.494093
CREATE TABLE "dprofileform0"(
    "id" INTEGER PRIMARY KEY AUTOINCREMENT,
    "f0" CHAR(512)
);
success!
timestamp: 2019-11-05T11:10:53.516083
CREATE TABLE "dprofileform1"(
    "id" INTEGER PRIMARY KEY AUTOINCREMENT,
    "f0" CHAR(512)
);
success!
timestamp: 2019-11-05T11:10:53.540807
CREATE TABLE "dprofileform2"(
    "id" INTEGER PRIMARY KEY AUTOINCREMENT,
    "f0" CHAR(512),
    "f1" CHAR(512),
    "f2" CHAR(512),
    "f3" CHAR(512),
    "f4" CHAR(1),
    "f5" TEXT
);
success!
timestamp: 2019-11-05T11:10:53.563556
CREATE TABLE "dproject0add"(
    "id" INTEGER PRIMARY KEY AUTOINCREMENT,
    "f0" CHAR(1000),
    "f1" TEXT,
    "f2" TEXT
);
success!
timestamp: 2019-11-05T11:10:53.620940
CREATE TABLE "dproject0detail"(
    "id" INTEGER PRIMARY KEY AUTOINCREMENT,
    "f0" CHAR(1000),
    "f1" TEXT,
    "f2" TEXT
);
success!
timestamp: 2019-11-05T11:10:53.680755
CREATE TABLE "dproject0edit"(
    "id" INTEGER PRIMARY KEY AUTOINCREMENT,
    "f0" CHAR(1000),
    "f1" TEXT,
    "f2" TEXT
);
success!
timestamp: 2019-11-05T11:10:53.733252
CREATE TABLE "dprojectIIaddform0"(
    "id" INTEGER PRIMARY KEY AUTOINCREMENT,
    "f0" CHAR(512)
);
success!
timestamp: 2019-11-05T11:10:53.756228
CREATE TABLE "dprojectIIdetailform0"(
    "id" INTEGER PRIMARY KEY AUTOINCREMENT,
    "f0" CHAR(512)
);
success!
timestamp: 2019-11-05T11:10:53.782494
CREATE TABLE "dprojectIIeditform0"(
    "id" INTEGER PRIMARY KEY AUTOINCREMENT,
    "f0" CHAR(512)
);
success!
timestamp: 2019-11-05T11:10:53.804227
CREATE TABLE "dprojects"(
    "id" INTEGER PRIMARY KEY AUTOINCREMENT,
    "f0" CHAR(1000),
    "f1" TEXT,
    "f2" TEXT
);
success!
timestamp: 2019-11-05T11:10:53.858028
CREATE TABLE "dprojectsform0"(
    "id" INTEGER PRIMARY KEY AUTOINCREMENT,
    "f0" CHAR(512)
);
success!
timestamp: 2019-11-05T11:10:53.884047
CREATE TABLE "dread0mail"(
    "id" INTEGER PRIMARY KEY AUTOINCREMENT,
    "f0" CHAR(1000),
    "f1" TEXT,
    "f2" TEXT
);
success!
timestamp: 2019-11-05T11:10:53.938807
CREATE TABLE "dreadIImailform0"(
    "id" INTEGER PRIMARY KEY AUTOINCREMENT,
    "f0" CHAR(512)
);
success!
timestamp: 2019-11-05T11:10:53.961109
CREATE TABLE "drecover0password"(
    "id" INTEGER PRIMARY KEY AUTOINCREMENT,
    "f0" CHAR(1000),
    "f1" TEXT,
    "f2" TEXT
);
success!
timestamp: 2019-11-05T11:10:53.995379
CREATE TABLE "drecoverIIpasswordform0"(
    "id" INTEGER PRIMARY KEY AUTOINCREMENT,
    "f0" CHAR(512),
    "f1" CHAR(512)
);
success!
timestamp: 2019-11-05T11:10:54.016282
CREATE TABLE "dregister"(
    "id" INTEGER PRIMARY KEY AUTOINCREMENT,
    "f0" CHAR(1000),
    "f1" TEXT,
    "f2" TEXT
);
success!
timestamp: 2019-11-05T11:10:54.054579
CREATE TABLE "dregisterform0"(
    "id" INTEGER PRIMARY KEY AUTOINCREMENT,
    "f0" CHAR(512),
    "f1" CHAR(512),
    "f2" CHAR(512),
    "f3" CHAR(512),
    "f4" CHAR(1)
);
success!
timestamp: 2019-11-05T11:10:54.075852
CREATE TABLE "dribbons"(
    "id" INTEGER PRIMARY KEY AUTOINCREMENT,
    "f0" CHAR(1000),
    "f1" TEXT,
    "f2" TEXT
);
success!
timestamp: 2019-11-05T11:10:54.126410
CREATE TABLE "dribbonsform0"(
    "id" INTEGER PRIMARY KEY AUTOINCREMENT,
    "f0" CHAR(512)
);
success!
timestamp: 2019-11-05T11:10:54.146430
CREATE TABLE "dsimple"(
    "id" INTEGER PRIMARY KEY AUTOINCREMENT,
    "f0" CHAR(1000),
    "f1" TEXT,
    "f2" TEXT
);
success!
timestamp: 2019-11-05T11:10:54.203816
CREATE TABLE "dsimpleform0"(
    "id" INTEGER PRIMARY KEY AUTOINCREMENT,
    "f0" CHAR(512)
);
success!
timestamp: 2019-11-05T11:10:54.223642
CREATE TABLE "dsliders"(
    "id" INTEGER PRIMARY KEY AUTOINCREMENT,
    "f0" CHAR(1000),
    "f1" TEXT,
    "f2" TEXT
);
success!
timestamp: 2019-11-05T11:10:54.286317
CREATE TABLE "dslidersform0"(
    "id" INTEGER PRIMARY KEY AUTOINCREMENT,
    "f0" CHAR(512)
);
success!
timestamp: 2019-11-05T11:10:54.308798
CREATE TABLE "dstarter"(
    "id" INTEGER PRIMARY KEY AUTOINCREMENT,
    "f0" CHAR(1000),
    "f1" TEXT,
    "f2" TEXT
);
success!
timestamp: 2019-11-05T11:10:54.355655
CREATE TABLE "dstarterform0"(
    "id" INTEGER PRIMARY KEY AUTOINCREMENT,
    "f0" CHAR(512)
);
success!
timestamp: 2019-11-05T11:10:54.376279
CREATE TABLE "dtimeline"(
    "id" INTEGER PRIMARY KEY AUTOINCREMENT,
    "f0" CHAR(1000),
    "f1" TEXT,
    "f2" TEXT
);
success!
timestamp: 2019-11-05T11:10:54.435706
CREATE TABLE "dtimelineform0"(
    "id" INTEGER PRIMARY KEY AUTOINCREMENT,
    "f0" CHAR(512)
);
success!
timestamp: 2019-11-05T11:10:54.458317
CREATE TABLE "dtop0nav"(
    "id" INTEGER PRIMARY KEY AUTOINCREMENT,
    "f0" CHAR(1000),
    "f1" TEXT,
    "f2" TEXT
);
success!
timestamp: 2019-11-05T11:10:54.503231
CREATE TABLE "dtopIInavform0"(
    "id" INTEGER PRIMARY KEY AUTOINCREMENT,
    "f0" CHAR(512)
);
success!
timestamp: 2019-11-05T11:10:54.527570
CREATE TABLE "dwidgets"(
    "id" INTEGER PRIMARY KEY AUTOINCREMENT,
    "f0" CHAR(1000),
    "f1" TEXT,
    "f2" TEXT
);
success!
timestamp: 2019-11-05T11:10:54.602673
CREATE TABLE "dwidgetsform0"(
    "id" INTEGER PRIMARY KEY AUTOINCREMENT,
    "f0" CHAR(512)
);
success!
timestamp: 2019-11-05T11:10:54.621888
CREATE TABLE "dwidgetsform1"(
    "id" INTEGER PRIMARY KEY AUTOINCREMENT,
    "f0" CHAR(512)
);
success!
timestamp: 2019-11-05T11:10:54.642631
CREATE TABLE "dwidgetsform2"(
    "id" INTEGER PRIMARY KEY AUTOINCREMENT,
    "f0" CHAR(512)
);
success!
timestamp: 2019-11-05T11:10:54.664326
CREATE TABLE "dwidgetsform3"(
    "id" INTEGER PRIMARY KEY AUTOINCREMENT,
    "f0" CHAR(512)
);
success!
timestamp: 2019-11-05T11:10:54.688518
CREATE TABLE "dwidgetsform4"(
    "id" INTEGER PRIMARY KEY AUTOINCREMENT,
    "f0" CHAR(512)
);
success!
timestamp: 2019-11-05T11:10:54.711921
CREATE TABLE "dwidgetsform5"(
    "id" INTEGER PRIMARY KEY AUTOINCREMENT,
    "f0" CHAR(512)
);
success!
timestamp: 2019-11-05T11:10:54.731865
CREATE TABLE "dwidgetsform6"(
    "id" INTEGER PRIMARY KEY AUTOINCREMENT,
    "f0" CHAR(512)
);
success!
timestamp: 2019-11-05T11:10:54.758324
CREATE TABLE "project_edittable0"(
    "id" INTEGER PRIMARY KEY AUTOINCREMENT,
    "f0" CHAR(512),
    "f1" CHAR(512)
);
success!
timestamp: 2019-11-05T11:10:54.779892
CREATE TABLE "index3table0"(
    "id" INTEGER PRIMARY KEY AUTOINCREMENT,
    "f0" CHAR(512),
    "f1" CHAR(512),
    "f2" CHAR(512),
    "f3" CHAR(512)
);
success!
timestamp: 2019-11-05T11:10:54.813660
CREATE TABLE "simpletable0"(
    "id" INTEGER PRIMARY KEY AUTOINCREMENT,
    "f0" CHAR(512),
    "f1" CHAR(512),
    "f2" CHAR(512),
    "f3" CHAR(512)
);
success!
timestamp: 2019-11-05T11:10:54.860573
CREATE TABLE "simpletable1"(
    "id" INTEGER PRIMARY KEY AUTOINCREMENT,
    "f0" CHAR(512),
    "f1" CHAR(512),
    "f2" CHAR(512),
    "f3" CHAR(512)
);
success!
timestamp: 2019-11-05T11:10:54.898436
CREATE TABLE "simpletable2"(
    "id" INTEGER PRIMARY KEY AUTOINCREMENT,
    "f0" CHAR(512),
    "f1" CHAR(512),
    "f2" CHAR(512),
    "f3" CHAR(512)
);
success!
timestamp: 2019-11-05T11:10:54.943201
CREATE TABLE "simpletable3"(
    "id" INTEGER PRIMARY KEY AUTOINCREMENT,
    "f0" CHAR(512),
    "f1" CHAR(512),
    "f2" CHAR(512),
    "f3" CHAR(512)
);
success!
timestamp: 2019-11-05T11:10:54.982016
CREATE TABLE "simpletable4"(
    "id" INTEGER PRIMARY KEY AUTOINCREMENT,
    "f0" CHAR(512),
    "f1" CHAR(512),
    "f2" CHAR(512),
    "f3" CHAR(512),
    "f4" CHAR(512)
);
success!
timestamp: 2019-11-05T11:10:55.017807
CREATE TABLE "simpletable5"(
    "id" INTEGER PRIMARY KEY AUTOINCREMENT,
    "f0" CHAR(512),
    "f1" CHAR(512),
    "f2" CHAR(512),
    "f3" CHAR(512),
    "f4" CHAR(512)
);
success!
timestamp: 2019-11-05T11:10:55.052974
CREATE TABLE "datatable0"(
    "id" INTEGER PRIMARY KEY AUTOINCREMENT,
    "f0" CHAR(512),
    "f1" CHAR(512),
    "f2" CHAR(512),
    "f3" CHAR(512),
    "f4" CHAR(512)
);
success!
timestamp: 2019-11-05T11:10:55.109316
CREATE TABLE "datatable1"(
    "id" INTEGER PRIMARY KEY AUTOINCREMENT,
    "f0" CHAR(512),
    "f1" CHAR(512),
    "f2" CHAR(512),
    "f3" CHAR(512),
    "f4" CHAR(512)
);
success!
timestamp: 2019-11-05T11:10:55.155523
CREATE TABLE "invoicetable0"(
    "id" INTEGER PRIMARY KEY AUTOINCREMENT,
    "f0" CHAR(512),
    "f1" CHAR(512),
    "f2" CHAR(512),
    "f3" CHAR(512),
    "f4" CHAR(512)
);
success!
timestamp: 2019-11-05T11:10:55.192621
CREATE TABLE "invoice0printtable0"(
    "id" INTEGER PRIMARY KEY AUTOINCREMENT,
    "f0" CHAR(512),
    "f1" CHAR(512),
    "f2" CHAR(512),
    "f3" CHAR(512),
    "f4" CHAR(512)
);
success!
timestamp: 2019-11-05T11:10:55.228760
CREATE TABLE "projectstable0"(
    "id" INTEGER PRIMARY KEY AUTOINCREMENT,
    "f0" CHAR(512),
    "f1" CHAR(512),
    "f2" CHAR(512),
    "f3" CHAR(512),
    "f4" CHAR(512),
    "f5" CHAR(512),
    "f6" CHAR(512),
    "f7" CHAR(512),
    "f8" CHAR(512),
    "f9" CHAR(512),
    "f10" CHAR(512),
    "f11" CHAR(512),
    "f12" CHAR(512)
);
success!
timestamp: 2019-11-05T11:10:55.276509
CREATE TABLE "index2table0"(
    "id" INTEGER PRIMARY KEY AUTOINCREMENT,
    "f0" CHAR(512),
    "f1" CHAR(512),
    "f2" CHAR(512),
    "f3" CHAR(512)
);
success!
